<?xml version="1.0" encoding="UTF-8"?>
<!-- Generated by org.testng.reporters.JUnitXMLReporter -->
<testsuite ignored="0" hostname="Igor" failures="7" tests="79" name="Surefire test" time="7442.931" errors="0" timestamp="2022-08-23T16:26:19 EEST">
  <testcase classname="tests.base.BaseTest" name="@AfterMethod clearCookiesAndExit" time="0.019">
    <failure type="org.openqa.selenium.WebDriverException" message="&amp;lt;unknown&amp;gt;: Failed to read the &amp;apos;sessionStorage&amp;apos; property from &amp;apos;Window&amp;apos;: Access is denied for this document.
  (Session info: chrome=104.0.5112.82)
Build info: version: &amp;apos;4.1.4&amp;apos;, revision: &amp;apos;535d840ee2&amp;apos;
System info: host: &amp;apos;IGOR&amp;apos;, ip: &amp;apos;192.168.0.106&amp;apos;, os.name: &amp;apos;Windows 10&amp;apos;, os.arch: &amp;apos;amd64&amp;apos;, os.version: &amp;apos;10.0&amp;apos;, java.version: &amp;apos;11.0.15.1&amp;apos;
Driver info: org.openqa.selenium.chrome.ChromeDriver
Command: [416825e23f805af5a95591d18447406f, executeScript {script=window.sessionStorage.clear(), args=[]}]
Capabilities {acceptInsecureCerts: false, browserName: chrome, browserVersion: 104.0.5112.82, chrome: {chromedriverVersion: 104.0.5112.79 (3cf3e8c8a07d..., userDataDir: C:\Users\GYROCO~1\AppData\L...}, goog:chromeOptions: {debuggerAddress: localhost:56010}, javascriptEnabled: true, networkConnectionEnabled: false, pageLoadStrategy: normal, platform: WINDOWS, platformName: WINDOWS, proxy: Proxy(), se:cdp: ws://localhost:56010/devtoo..., se:cdpVersion: 104.0.5112.82, setWindowRect: true, strictFileInteractability: false, timeouts: {implicit: 0, pageLoad: 300000, script: 30000}, unhandledPromptBehavior: dismiss and notify, webauthn:extension:credBlob: true, webauthn:extension:largeBlob: true, webauthn:virtualAuthenticators: true}
Session ID: 416825e23f805af5a95591d18447406f">
      <![CDATA[org.openqa.selenium.WebDriverException: <unknown>: Failed to read the 'sessionStorage' property from 'Window': Access is denied for this document.
  (Session info: chrome=104.0.5112.82)
Build info: version: '4.1.4', revision: '535d840ee2'
System info: host: 'IGOR', ip: '192.168.0.106', os.name: 'Windows 10', os.arch: 'amd64', os.version: '10.0', java.version: '11.0.15.1'
Driver info: org.openqa.selenium.chrome.ChromeDriver
Command: [416825e23f805af5a95591d18447406f, executeScript {script=window.sessionStorage.clear(), args=[]}]
Capabilities {acceptInsecureCerts: false, browserName: chrome, browserVersion: 104.0.5112.82, chrome: {chromedriverVersion: 104.0.5112.79 (3cf3e8c8a07d..., userDataDir: C:\Users\GYROCO~1\AppData\L...}, goog:chromeOptions: {debuggerAddress: localhost:56010}, javascriptEnabled: true, networkConnectionEnabled: false, pageLoadStrategy: normal, platform: WINDOWS, platformName: WINDOWS, proxy: Proxy(), se:cdp: ws://localhost:56010/devtoo..., se:cdpVersion: 104.0.5112.82, setWindowRect: true, strictFileInteractability: false, timeouts: {implicit: 0, pageLoad: 300000, script: 30000}, unhandledPromptBehavior: dismiss and notify, webauthn:extension:credBlob: true, webauthn:extension:largeBlob: true, webauthn:virtualAuthenticators: true}
Session ID: 416825e23f805af5a95591d18447406f
at org.openqa.selenium.remote.codec.w3c.W3CHttpResponseCodec.createException(W3CHttpResponseCodec.java:200)
at org.openqa.selenium.remote.codec.w3c.W3CHttpResponseCodec.decode(W3CHttpResponseCodec.java:133)
at org.openqa.selenium.remote.codec.w3c.W3CHttpResponseCodec.decode(W3CHttpResponseCodec.java:53)
at org.openqa.selenium.remote.HttpCommandExecutor.execute(HttpCommandExecutor.java:184)
at org.openqa.selenium.remote.service.DriverCommandExecutor.invokeExecute(DriverCommandExecutor.java:167)
at org.openqa.selenium.remote.service.DriverCommandExecutor.execute(DriverCommandExecutor.java:142)
at org.openqa.selenium.remote.RemoteWebDriver.execute(RemoteWebDriver.java:567)
at org.openqa.selenium.remote.RemoteWebDriver.executeScript(RemoteWebDriver.java:501)
at pages.base.BasePage.clearCookiesAndLocalStorageAndClose(BasePage.java:40)
at tests.base.BaseTest.clearCookiesAndExit(BaseTest.java:80)
at java.base/java.util.ArrayList.forEach(ArrayList.java:1541)
... Removed 40 stack frames]]>
    </failure>
  </testcase> <!-- @AfterMethod clearCookiesAndExit -->
  <testcase classname="tests.localHookup.LocalHookupTest" name="@BeforeMethod setUp" time="0.0">
    <skipped/>
  </testcase> <!-- @BeforeMethod setUp -->
  <testcase classname="tests.base.BaseTest" name="@AfterMethod clearCookiesAndExit" time="0.0">
    <skipped/>
  </testcase> <!-- @AfterMethod clearCookiesAndExit -->
  <testcase classname="tests.localHookup.LocalHookupTest" name="@BeforeMethod setUp" time="0.0">
    <skipped/>
  </testcase> <!-- @BeforeMethod setUp -->
  <testcase classname="tests.base.BaseTest" name="@AfterMethod clearCookiesAndExit" time="0.0">
    <skipped/>
  </testcase> <!-- @AfterMethod clearCookiesAndExit -->
  <testcase classname="tests.localHookup.LocalHookupTest" name="@BeforeMethod setUp" time="0.0">
    <skipped/>
  </testcase> <!-- @BeforeMethod setUp -->
  <testcase classname="tests.base.BaseTest" name="@AfterMethod clearCookiesAndExit" time="0.0">
    <skipped/>
  </testcase> <!-- @AfterMethod clearCookiesAndExit -->
  <testcase classname="tests.localHookup.LocalHookupTest" name="@BeforeMethod setUp" time="0.0">
    <skipped/>
  </testcase> <!-- @BeforeMethod setUp -->
  <testcase classname="tests.base.BaseTest" name="@AfterMethod clearCookiesAndExit" time="0.0">
    <skipped/>
  </testcase> <!-- @AfterMethod clearCookiesAndExit -->
  <testcase classname="tests.localHookup.LocalHookupTest" name="@BeforeMethod setUp" time="0.0">
    <skipped/>
  </testcase> <!-- @BeforeMethod setUp -->
  <testcase classname="tests.base.BaseTest" name="@AfterMethod clearCookiesAndExit" time="0.0">
    <skipped/>
  </testcase> <!-- @AfterMethod clearCookiesAndExit -->
  <testcase classname="tests.localHookup.LocalHookupTest" name="@BeforeMethod setUp" time="0.0">
    <skipped/>
  </testcase> <!-- @BeforeMethod setUp -->
  <testcase classname="tests.base.BaseTest" name="@AfterMethod clearCookiesAndExit" time="0.0">
    <skipped/>
  </testcase> <!-- @AfterMethod clearCookiesAndExit -->
  <testcase classname="tests.localHookup.LocalHookupTest" name="@BeforeMethod setUp" time="0.0">
    <skipped/>
  </testcase> <!-- @BeforeMethod setUp -->
  <testcase classname="tests.base.BaseTest" name="@AfterMethod clearCookiesAndExit" time="0.0">
    <skipped/>
  </testcase> <!-- @AfterMethod clearCookiesAndExit -->
  <testcase classname="tests.base.BaseTest" name="@AfterMethod clearCookiesAndExit" time="0.01">
    <failure type="org.openqa.selenium.WebDriverException" message="&amp;lt;unknown&amp;gt;: Failed to read the &amp;apos;sessionStorage&amp;apos; property from &amp;apos;Window&amp;apos;: Access is denied for this document.
  (Session info: chrome=104.0.5112.82)
Build info: version: &amp;apos;4.1.4&amp;apos;, revision: &amp;apos;535d840ee2&amp;apos;
System info: host: &amp;apos;IGOR&amp;apos;, ip: &amp;apos;192.168.0.106&amp;apos;, os.name: &amp;apos;Windows 10&amp;apos;, os.arch: &amp;apos;amd64&amp;apos;, os.version: &amp;apos;10.0&amp;apos;, java.version: &amp;apos;11.0.15.1&amp;apos;
Driver info: org.openqa.selenium.chrome.ChromeDriver
Command: [0d9e1053b4bb223e43038a387afcf974, executeScript {script=window.sessionStorage.clear(), args=[]}]
Capabilities {acceptInsecureCerts: false, browserName: chrome, browserVersion: 104.0.5112.82, chrome: {chromedriverVersion: 104.0.5112.79 (3cf3e8c8a07d..., userDataDir: C:\Users\GYROCO~1\AppData\L...}, goog:chromeOptions: {debuggerAddress: localhost:57959}, javascriptEnabled: true, networkConnectionEnabled: false, pageLoadStrategy: normal, platform: WINDOWS, platformName: WINDOWS, proxy: Proxy(), se:cdp: ws://localhost:57959/devtoo..., se:cdpVersion: 104.0.5112.82, setWindowRect: true, strictFileInteractability: false, timeouts: {implicit: 0, pageLoad: 300000, script: 30000}, unhandledPromptBehavior: dismiss and notify, webauthn:extension:credBlob: true, webauthn:extension:largeBlob: true, webauthn:virtualAuthenticators: true}
Session ID: 0d9e1053b4bb223e43038a387afcf974">
      <![CDATA[org.openqa.selenium.WebDriverException: <unknown>: Failed to read the 'sessionStorage' property from 'Window': Access is denied for this document.
  (Session info: chrome=104.0.5112.82)
Build info: version: '4.1.4', revision: '535d840ee2'
System info: host: 'IGOR', ip: '192.168.0.106', os.name: 'Windows 10', os.arch: 'amd64', os.version: '10.0', java.version: '11.0.15.1'
Driver info: org.openqa.selenium.chrome.ChromeDriver
Command: [0d9e1053b4bb223e43038a387afcf974, executeScript {script=window.sessionStorage.clear(), args=[]}]
Capabilities {acceptInsecureCerts: false, browserName: chrome, browserVersion: 104.0.5112.82, chrome: {chromedriverVersion: 104.0.5112.79 (3cf3e8c8a07d..., userDataDir: C:\Users\GYROCO~1\AppData\L...}, goog:chromeOptions: {debuggerAddress: localhost:57959}, javascriptEnabled: true, networkConnectionEnabled: false, pageLoadStrategy: normal, platform: WINDOWS, platformName: WINDOWS, proxy: Proxy(), se:cdp: ws://localhost:57959/devtoo..., se:cdpVersion: 104.0.5112.82, setWindowRect: true, strictFileInteractability: false, timeouts: {implicit: 0, pageLoad: 300000, script: 30000}, unhandledPromptBehavior: dismiss and notify, webauthn:extension:credBlob: true, webauthn:extension:largeBlob: true, webauthn:virtualAuthenticators: true}
Session ID: 0d9e1053b4bb223e43038a387afcf974
at org.openqa.selenium.remote.codec.w3c.W3CHttpResponseCodec.createException(W3CHttpResponseCodec.java:200)
at org.openqa.selenium.remote.codec.w3c.W3CHttpResponseCodec.decode(W3CHttpResponseCodec.java:133)
at org.openqa.selenium.remote.codec.w3c.W3CHttpResponseCodec.decode(W3CHttpResponseCodec.java:53)
at org.openqa.selenium.remote.HttpCommandExecutor.execute(HttpCommandExecutor.java:184)
at org.openqa.selenium.remote.service.DriverCommandExecutor.invokeExecute(DriverCommandExecutor.java:167)
at org.openqa.selenium.remote.service.DriverCommandExecutor.execute(DriverCommandExecutor.java:142)
at org.openqa.selenium.remote.RemoteWebDriver.execute(RemoteWebDriver.java:567)
at org.openqa.selenium.remote.RemoteWebDriver.executeScript(RemoteWebDriver.java:501)
at pages.base.BasePage.clearCookiesAndLocalStorageAndClose(BasePage.java:40)
at tests.base.BaseTest.clearCookiesAndExit(BaseTest.java:80)
at java.base/java.util.ArrayList.forEach(ArrayList.java:1541)
... Removed 40 stack frames]]>
    </failure>
  </testcase> <!-- @AfterMethod clearCookiesAndExit -->
  <testcase classname="tests.main.MainTest" name="@BeforeMethod setUp" time="0.0">
    <skipped/>
  </testcase> <!-- @BeforeMethod setUp -->
  <testcase classname="tests.base.BaseTest" name="@AfterMethod clearCookiesAndExit" time="0.0">
    <skipped/>
  </testcase> <!-- @AfterMethod clearCookiesAndExit -->
  <testcase classname="tests.main.MainTest" name="@BeforeMethod setUp" time="0.0">
    <skipped/>
  </testcase> <!-- @BeforeMethod setUp -->
  <testcase classname="tests.base.BaseTest" name="@AfterMethod clearCookiesAndExit" time="0.0">
    <skipped/>
  </testcase> <!-- @AfterMethod clearCookiesAndExit -->
  <testcase classname="tests.main.MainTest" name="@BeforeMethod setUp" time="0.0">
    <skipped/>
  </testcase> <!-- @BeforeMethod setUp -->
  <testcase classname="tests.base.BaseTest" name="@AfterMethod clearCookiesAndExit" time="0.0">
    <skipped/>
  </testcase> <!-- @AfterMethod clearCookiesAndExit -->
  <testcase classname="tests.main.MainTest" name="@BeforeMethod setUp" time="0.0">
    <skipped/>
  </testcase> <!-- @BeforeMethod setUp -->
  <testcase classname="tests.base.BaseTest" name="@AfterMethod clearCookiesAndExit" time="0.0">
    <skipped/>
  </testcase> <!-- @AfterMethod clearCookiesAndExit -->
  <testcase classname="tests.base.BaseTest" name="@AfterMethod clearCookiesAndExit" time="0.008">
    <failure type="org.openqa.selenium.WebDriverException" message="&amp;lt;unknown&amp;gt;: Failed to read the &amp;apos;sessionStorage&amp;apos; property from &amp;apos;Window&amp;apos;: Access is denied for this document.
  (Session info: chrome=104.0.5112.82)
Build info: version: &amp;apos;4.1.4&amp;apos;, revision: &amp;apos;535d840ee2&amp;apos;
System info: host: &amp;apos;IGOR&amp;apos;, ip: &amp;apos;192.168.0.106&amp;apos;, os.name: &amp;apos;Windows 10&amp;apos;, os.arch: &amp;apos;amd64&amp;apos;, os.version: &amp;apos;10.0&amp;apos;, java.version: &amp;apos;11.0.15.1&amp;apos;
Driver info: org.openqa.selenium.chrome.ChromeDriver
Command: [e8c58f8c39d865a19932ccf4062654ca, executeScript {script=window.sessionStorage.clear(), args=[]}]
Capabilities {acceptInsecureCerts: false, browserName: chrome, browserVersion: 104.0.5112.82, chrome: {chromedriverVersion: 104.0.5112.79 (3cf3e8c8a07d..., userDataDir: C:\Users\GYROCO~1\AppData\L...}, goog:chromeOptions: {debuggerAddress: localhost:60095}, javascriptEnabled: true, networkConnectionEnabled: false, pageLoadStrategy: normal, platform: WINDOWS, platformName: WINDOWS, proxy: Proxy(), se:cdp: ws://localhost:60095/devtoo..., se:cdpVersion: 104.0.5112.82, setWindowRect: true, strictFileInteractability: false, timeouts: {implicit: 0, pageLoad: 300000, script: 30000}, unhandledPromptBehavior: dismiss and notify, webauthn:extension:credBlob: true, webauthn:extension:largeBlob: true, webauthn:virtualAuthenticators: true}
Session ID: e8c58f8c39d865a19932ccf4062654ca">
      <![CDATA[org.openqa.selenium.WebDriverException: <unknown>: Failed to read the 'sessionStorage' property from 'Window': Access is denied for this document.
  (Session info: chrome=104.0.5112.82)
Build info: version: '4.1.4', revision: '535d840ee2'
System info: host: 'IGOR', ip: '192.168.0.106', os.name: 'Windows 10', os.arch: 'amd64', os.version: '10.0', java.version: '11.0.15.1'
Driver info: org.openqa.selenium.chrome.ChromeDriver
Command: [e8c58f8c39d865a19932ccf4062654ca, executeScript {script=window.sessionStorage.clear(), args=[]}]
Capabilities {acceptInsecureCerts: false, browserName: chrome, browserVersion: 104.0.5112.82, chrome: {chromedriverVersion: 104.0.5112.79 (3cf3e8c8a07d..., userDataDir: C:\Users\GYROCO~1\AppData\L...}, goog:chromeOptions: {debuggerAddress: localhost:60095}, javascriptEnabled: true, networkConnectionEnabled: false, pageLoadStrategy: normal, platform: WINDOWS, platformName: WINDOWS, proxy: Proxy(), se:cdp: ws://localhost:60095/devtoo..., se:cdpVersion: 104.0.5112.82, setWindowRect: true, strictFileInteractability: false, timeouts: {implicit: 0, pageLoad: 300000, script: 30000}, unhandledPromptBehavior: dismiss and notify, webauthn:extension:credBlob: true, webauthn:extension:largeBlob: true, webauthn:virtualAuthenticators: true}
Session ID: e8c58f8c39d865a19932ccf4062654ca
at org.openqa.selenium.remote.codec.w3c.W3CHttpResponseCodec.createException(W3CHttpResponseCodec.java:200)
at org.openqa.selenium.remote.codec.w3c.W3CHttpResponseCodec.decode(W3CHttpResponseCodec.java:133)
at org.openqa.selenium.remote.codec.w3c.W3CHttpResponseCodec.decode(W3CHttpResponseCodec.java:53)
at org.openqa.selenium.remote.HttpCommandExecutor.execute(HttpCommandExecutor.java:184)
at org.openqa.selenium.remote.service.DriverCommandExecutor.invokeExecute(DriverCommandExecutor.java:167)
at org.openqa.selenium.remote.service.DriverCommandExecutor.execute(DriverCommandExecutor.java:142)
at org.openqa.selenium.remote.RemoteWebDriver.execute(RemoteWebDriver.java:567)
at org.openqa.selenium.remote.RemoteWebDriver.executeScript(RemoteWebDriver.java:501)
at pages.base.BasePage.clearCookiesAndLocalStorageAndClose(BasePage.java:40)
at tests.base.BaseTest.clearCookiesAndExit(BaseTest.java:80)
at java.base/java.util.ArrayList.forEach(ArrayList.java:1541)
... Removed 40 stack frames]]>
    </failure>
  </testcase> <!-- @AfterMethod clearCookiesAndExit -->
  <testcase classname="tests.base.BaseTest" name="@AfterMethod clearCookiesAndExit" time="0.009">
    <failure type="org.openqa.selenium.WebDriverException" message="&amp;lt;unknown&amp;gt;: Failed to read the &amp;apos;sessionStorage&amp;apos; property from &amp;apos;Window&amp;apos;: Access is denied for this document.
  (Session info: chrome=104.0.5112.82)
Build info: version: &amp;apos;4.1.4&amp;apos;, revision: &amp;apos;535d840ee2&amp;apos;
System info: host: &amp;apos;IGOR&amp;apos;, ip: &amp;apos;192.168.0.106&amp;apos;, os.name: &amp;apos;Windows 10&amp;apos;, os.arch: &amp;apos;amd64&amp;apos;, os.version: &amp;apos;10.0&amp;apos;, java.version: &amp;apos;11.0.15.1&amp;apos;
Driver info: org.openqa.selenium.chrome.ChromeDriver
Command: [0ab8bc72d4fa9c0e700cab807a47dc7e, executeScript {script=window.sessionStorage.clear(), args=[]}]
Capabilities {acceptInsecureCerts: false, browserName: chrome, browserVersion: 104.0.5112.82, chrome: {chromedriverVersion: 104.0.5112.79 (3cf3e8c8a07d..., userDataDir: C:\Users\GYROCO~1\AppData\L...}, goog:chromeOptions: {debuggerAddress: localhost:62082}, javascriptEnabled: true, networkConnectionEnabled: false, pageLoadStrategy: normal, platform: WINDOWS, platformName: WINDOWS, proxy: Proxy(), se:cdp: ws://localhost:62082/devtoo..., se:cdpVersion: 104.0.5112.82, setWindowRect: true, strictFileInteractability: false, timeouts: {implicit: 0, pageLoad: 300000, script: 30000}, unhandledPromptBehavior: dismiss and notify, webauthn:extension:credBlob: true, webauthn:extension:largeBlob: true, webauthn:virtualAuthenticators: true}
Session ID: 0ab8bc72d4fa9c0e700cab807a47dc7e">
      <![CDATA[org.openqa.selenium.WebDriverException: <unknown>: Failed to read the 'sessionStorage' property from 'Window': Access is denied for this document.
  (Session info: chrome=104.0.5112.82)
Build info: version: '4.1.4', revision: '535d840ee2'
System info: host: 'IGOR', ip: '192.168.0.106', os.name: 'Windows 10', os.arch: 'amd64', os.version: '10.0', java.version: '11.0.15.1'
Driver info: org.openqa.selenium.chrome.ChromeDriver
Command: [0ab8bc72d4fa9c0e700cab807a47dc7e, executeScript {script=window.sessionStorage.clear(), args=[]}]
Capabilities {acceptInsecureCerts: false, browserName: chrome, browserVersion: 104.0.5112.82, chrome: {chromedriverVersion: 104.0.5112.79 (3cf3e8c8a07d..., userDataDir: C:\Users\GYROCO~1\AppData\L...}, goog:chromeOptions: {debuggerAddress: localhost:62082}, javascriptEnabled: true, networkConnectionEnabled: false, pageLoadStrategy: normal, platform: WINDOWS, platformName: WINDOWS, proxy: Proxy(), se:cdp: ws://localhost:62082/devtoo..., se:cdpVersion: 104.0.5112.82, setWindowRect: true, strictFileInteractability: false, timeouts: {implicit: 0, pageLoad: 300000, script: 30000}, unhandledPromptBehavior: dismiss and notify, webauthn:extension:credBlob: true, webauthn:extension:largeBlob: true, webauthn:virtualAuthenticators: true}
Session ID: 0ab8bc72d4fa9c0e700cab807a47dc7e
at org.openqa.selenium.remote.codec.w3c.W3CHttpResponseCodec.createException(W3CHttpResponseCodec.java:200)
at org.openqa.selenium.remote.codec.w3c.W3CHttpResponseCodec.decode(W3CHttpResponseCodec.java:133)
at org.openqa.selenium.remote.codec.w3c.W3CHttpResponseCodec.decode(W3CHttpResponseCodec.java:53)
at org.openqa.selenium.remote.HttpCommandExecutor.execute(HttpCommandExecutor.java:184)
at org.openqa.selenium.remote.service.DriverCommandExecutor.invokeExecute(DriverCommandExecutor.java:167)
at org.openqa.selenium.remote.service.DriverCommandExecutor.execute(DriverCommandExecutor.java:142)
at org.openqa.selenium.remote.RemoteWebDriver.execute(RemoteWebDriver.java:567)
at org.openqa.selenium.remote.RemoteWebDriver.executeScript(RemoteWebDriver.java:501)
at pages.base.BasePage.clearCookiesAndLocalStorageAndClose(BasePage.java:40)
at tests.base.BaseTest.clearCookiesAndExit(BaseTest.java:80)
at java.base/java.util.ArrayList.forEach(ArrayList.java:1541)
... Removed 40 stack frames]]>
    </failure>
  </testcase> <!-- @AfterMethod clearCookiesAndExit -->
  <testcase classname="tests.sugarDaddies.SugarDaddiesTest" name="@BeforeMethod setUp" time="0.0">
    <skipped/>
  </testcase> <!-- @BeforeMethod setUp -->
  <testcase classname="tests.base.BaseTest" name="@AfterMethod clearCookiesAndExit" time="0.0">
    <skipped/>
  </testcase> <!-- @AfterMethod clearCookiesAndExit -->
  <testcase classname="tests.sugarDaddies.SugarDaddiesTest" name="@BeforeMethod setUp" time="0.0">
    <skipped/>
  </testcase> <!-- @BeforeMethod setUp -->
  <testcase classname="tests.base.BaseTest" name="@AfterMethod clearCookiesAndExit" time="0.0">
    <skipped/>
  </testcase> <!-- @AfterMethod clearCookiesAndExit -->
  <testcase classname="tests.sugarDaddies.SugarDaddiesTest" name="@BeforeMethod setUp" time="0.0">
    <skipped/>
  </testcase> <!-- @BeforeMethod setUp -->
  <testcase classname="tests.base.BaseTest" name="@AfterMethod clearCookiesAndExit" time="0.0">
    <skipped/>
  </testcase> <!-- @AfterMethod clearCookiesAndExit -->
  <testcase classname="tests.sugarDaddies.SugarDaddiesTest" name="@BeforeMethod setUp" time="0.0">
    <skipped/>
  </testcase> <!-- @BeforeMethod setUp -->
  <testcase classname="tests.base.BaseTest" name="@AfterMethod clearCookiesAndExit" time="0.0">
    <skipped/>
  </testcase> <!-- @AfterMethod clearCookiesAndExit -->
  <testcase classname="tests.sugarDaddies.SugarDaddiesTest" name="@BeforeMethod setUp" time="0.0">
    <skipped/>
  </testcase> <!-- @BeforeMethod setUp -->
  <testcase classname="tests.base.BaseTest" name="@AfterMethod clearCookiesAndExit" time="0.0">
    <skipped/>
  </testcase> <!-- @AfterMethod clearCookiesAndExit -->
  <testcase classname="tests.sugarDaddies.SugarDaddiesTest" name="@BeforeMethod setUp" time="0.0">
    <skipped/>
  </testcase> <!-- @BeforeMethod setUp -->
  <testcase classname="tests.base.BaseTest" name="@AfterMethod clearCookiesAndExit" time="0.0">
    <skipped/>
  </testcase> <!-- @AfterMethod clearCookiesAndExit -->
  <testcase classname="tests.sugarDaddies.SugarDaddiesTest" name="@BeforeMethod setUp" time="0.0">
    <skipped/>
  </testcase> <!-- @BeforeMethod setUp -->
  <testcase classname="tests.base.BaseTest" name="@AfterMethod clearCookiesAndExit" time="0.0">
    <skipped/>
  </testcase> <!-- @AfterMethod clearCookiesAndExit -->
  <testcase classname="tests.sugarDaddies.SugarDaddiesTest" name="@BeforeMethod setUp" time="0.0">
    <skipped/>
  </testcase> <!-- @BeforeMethod setUp -->
  <testcase classname="tests.base.BaseTest" name="@AfterMethod clearCookiesAndExit" time="0.0">
    <skipped/>
  </testcase> <!-- @AfterMethod clearCookiesAndExit -->
  <testcase classname="tests.sugarDaddies.SugarDaddiesTest" name="@BeforeMethod setUp" time="0.0">
    <skipped/>
  </testcase> <!-- @BeforeMethod setUp -->
  <testcase classname="tests.base.BaseTest" name="@AfterMethod clearCookiesAndExit" time="0.0">
    <skipped/>
  </testcase> <!-- @AfterMethod clearCookiesAndExit -->
  <testcase classname="tests.sugarDaddies.SugarDaddiesTest" name="@BeforeMethod setUp" time="0.0">
    <skipped/>
  </testcase> <!-- @BeforeMethod setUp -->
  <testcase classname="tests.base.BaseTest" name="@AfterMethod clearCookiesAndExit" time="0.0">
    <skipped/>
  </testcase> <!-- @AfterMethod clearCookiesAndExit -->
  <testcase classname="tests.sugarDaddies.SugarDaddiesTest" name="@BeforeMethod setUp" time="0.0">
    <skipped/>
  </testcase> <!-- @BeforeMethod setUp -->
  <testcase classname="tests.base.BaseTest" name="@AfterMethod clearCookiesAndExit" time="0.0">
    <skipped/>
  </testcase> <!-- @AfterMethod clearCookiesAndExit -->
  <testcase classname="tests.blog.BlogTest" name="authorButtonTest" time="5.541"/>
  <testcase classname="tests.blog.BlogTest" name="footerButtonsTest" time="61.672"/>
  <testcase classname="tests.blog.BlogTest" name="headerButtonsTest" time="10.147"/>
  <testcase classname="tests.blog.BlogTest" name="mainLogoLinkTest" time="1.547"/>
  <testcase classname="tests.blog.BlogTest" name="nextSliderButtonTest" time="3.204"/>
  <testcase classname="tests.blog.BlogTest" name="successfulCommentFormTest" time="6.365"/>
  <testcase classname="tests.blog.BlogTest" name="topPostBlogButtonTest" time="9.61"/>
  <testcase classname="tests.blog.BlogTest" name="topPostButtonTest" time="9.979"/>
  <testcase classname="tests.blog.BlogTest" name="unsuccessfulCommentFormTest" time="6.292"/>
  <testcase classname="tests.blogCategory.BlogCategoryTest" name="blogPostTest" time="57.985"/>
  <testcase classname="tests.blogCategory.BlogCategoryTest" name="footerButtonsTest" time="61.819"/>
  <testcase classname="tests.blogCategory.BlogCategoryTest" name="headerButtonsTest" time="10.107"/>
  <testcase classname="tests.blogCategory.BlogCategoryTest" name="mainLogoLinkTest" time="1.51"/>
  <testcase classname="tests.blogCategory.BlogCategoryTest" name="topPostBlogButtonTest" time="11.713"/>
  <testcase classname="tests.blogCategory.BlogCategoryTest" name="topPostButtonTest" time="11.982"/>
  <testcase classname="tests.contactUs.ContactUsTest" name="footerButtonsTest" time="61.255"/>
  <testcase classname="tests.contactUs.ContactUsTest" name="headerButtonsTest" time="10.262"/>
  <testcase classname="tests.contactUs.ContactUsTest" name="mainLogoLinkTest" time="1.556"/>
  <testcase classname="tests.escort.EscortTest" name="cityButtonTest" time="2.02"/>
  <testcase classname="tests.escort.EscortTest" name="footerButtonsTest" time="61.777"/>
  <testcase classname="tests.escort.EscortTest" name="headerButtonsTest" time="10.444"/>
  <testcase classname="tests.escort.EscortTest" name="inputCitySearchTest" time="15.183"/>
  <testcase classname="tests.escort.EscortTest" name="mainLogoLinkTest" time="1.651"/>
  <testcase classname="tests.localHookup.LocalHookupTest" name="articlesButtonTest" time="50.272"/>
  <testcase classname="tests.localHookup.LocalHookupTest" name="authorButtonTest" time="6.473"/>
  <testcase classname="tests.localHookup.LocalHookupTest" name="blogSliderTest" time="3.324"/>
  <testcase classname="tests.localHookup.LocalHookupTest" name="faqCollapseButtonTest" time="6.173"/>
  <testcase classname="tests.localHookup.LocalHookupTest" name="footerButtonsTest" time="62.167"/>
  <testcase classname="tests.localHookup.LocalHookupTest" name="headerButtonsTest" time="10.323"/>
  <testcase classname="tests.localHookup.LocalHookupTest" name="latestNewsButtonTest" time="12.71"/>
  <testcase classname="tests.localHookup.LocalHookupTest" name="learnMoreButtonTest" time="121.53">
    <failure type="java.lang.AssertionError" message="expected [true] but found [false]">
      <![CDATA[java.lang.AssertionError: expected [true] but found [false]
at tests.localHookup.LocalHookupTest.learnMoreButtonTest(LocalHookupTest.java:73)
at java.base/java.util.ArrayList.forEach(ArrayList.java:1541)
... Removed 36 stack frames]]>
    </failure>
  </testcase> <!-- learnMoreButtonTest -->
  <testcase classname="tests.localHookup.LocalHookupTest" name="loadMoreButtonTest" time="0.0">
    <skipped/>
  </testcase> <!-- loadMoreButtonTest -->
  <testcase classname="tests.localHookup.LocalHookupTest" name="loadMoreReviewButtonTest" time="0.0">
    <skipped/>
  </testcase> <!-- loadMoreReviewButtonTest -->
  <testcase classname="tests.localHookup.LocalHookupTest" name="mainLogoLinkTest" time="0.0">
    <skipped/>
  </testcase> <!-- mainLogoLinkTest -->
  <testcase classname="tests.localHookup.LocalHookupTest" name="readFullReviewButtonTest" time="0.0">
    <skipped/>
  </testcase> <!-- readFullReviewButtonTest -->
  <testcase classname="tests.localHookup.LocalHookupTest" name="readReviewButtonTest" time="0.001">
    <skipped/>
  </testcase> <!-- readReviewButtonTest -->
  <testcase classname="tests.localHookup.LocalHookupTest" name="visitSiteButtonTest" time="0.0">
    <skipped/>
  </testcase> <!-- visitSiteButtonTest -->
  <testcase classname="tests.localHookup.LocalHookupTest" name="visitSiteInTextButtonTest" time="0.0">
    <skipped/>
  </testcase> <!-- visitSiteInTextButtonTest -->
  <testcase classname="tests.main.MainTest" name="blogSliderTest" time="2.134"/>
  <testcase classname="tests.main.MainTest" name="changeLanguageButtonTest" time="46.376"/>
  <testcase classname="tests.main.MainTest" name="downloadAppRegButtonTest" time="612.881">
    <failure type="java.lang.AssertionError" message="expected [0] but found [5]">
      <![CDATA[java.lang.AssertionError: expected [0] but found [5]
at tests.main.MainTest.downloadAppRegButtonTest(MainTest.java:105)
at java.base/java.util.ArrayList.forEach(ArrayList.java:1541)
... Removed 38 stack frames]]>
    </failure>
  </testcase> <!-- downloadAppRegButtonTest -->
  <testcase classname="tests.main.MainTest" name="faqButtonTest" time="4.261"/>
  <testcase classname="tests.main.MainTest" name="footerButtonsTest" time="62.247"/>
  <testcase classname="tests.main.MainTest" name="headerButtonsTest" time="10.572"/>
  <testcase classname="tests.main.MainTest" name="learnMoreRegButtonTest" time="120.498">
    <failure type="java.lang.AssertionError" message="expected [true] but found [false]">
      <![CDATA[java.lang.AssertionError: expected [true] but found [false]
at tests.main.MainTest.learnMoreRegButtonTest(MainTest.java:89)
at java.base/java.util.ArrayList.forEach(ArrayList.java:1541)
... Removed 36 stack frames]]>
    </failure>
  </testcase> <!-- learnMoreRegButtonTest -->
  <testcase classname="tests.main.MainTest" name="loadMoreButtonTest" time="0.0">
    <skipped/>
  </testcase> <!-- loadMoreButtonTest -->
  <testcase classname="tests.main.MainTest" name="mainLogoLinkTest" time="0.001">
    <skipped/>
  </testcase> <!-- mainLogoLinkTest -->
  <testcase classname="tests.main.MainTest" name="readArticleButtonTest" time="0.0">
    <skipped/>
  </testcase> <!-- readArticleButtonTest -->
  <testcase classname="tests.main.MainTest" name="readReviewButtonTest" time="0.0">
    <skipped/>
  </testcase> <!-- readReviewButtonTest -->
  <testcase classname="tests.review.ReviewTest" name="footerButtonsTest" time="62.655"/>
  <testcase classname="tests.review.ReviewTest" name="headerButtonsTest" time="10.195"/>
  <testcase classname="tests.review.ReviewTest" name="latestReviewsButtonTest" time="12.283"/>
  <testcase classname="tests.review.ReviewTest" name="mainLogoLinkTest" time="1.485"/>
  <testcase classname="tests.review.ReviewTest" name="nextSliderButtonTest" time="3.272"/>
  <testcase classname="tests.review.ReviewTest" name="pictureRegButtonsTest" time="367.56">
    <failure type="java.lang.AssertionError" message="expected [0] but found [3]">
      <![CDATA[java.lang.AssertionError: expected [0] but found [3]
at tests.review.ReviewTest.pictureRegButtonsTest(ReviewTest.java:88)
at java.base/java.util.ArrayList.forEach(ArrayList.java:1541)
... Removed 38 stack frames]]>
    </failure>
  </testcase> <!-- pictureRegButtonsTest -->
  <testcase classname="tests.review.ReviewTest" name="startButtonTest" time="2.613"/>
  <testcase classname="tests.review.ReviewTest" name="successfulCommentFormTest" time="6.342"/>
  <testcase classname="tests.review.ReviewTest" name="typesOfRelationshipsButtonTest" time="5.106"/>
  <testcase classname="tests.review.ReviewTest" name="unsuccessfulCommentFormTest" time="6.307"/>
  <testcase classname="tests.review.ReviewTest" name="visitSiteRegButtonTest" time="120.531">
    <failure type="java.lang.AssertionError" message="expected [true] but found [false]">
      <![CDATA[java.lang.AssertionError: expected [true] but found [false]
at tests.review.ReviewTest.visitSiteRegButtonTest(ReviewTest.java:72)
at java.base/java.util.ArrayList.forEach(ArrayList.java:1541)
... Removed 36 stack frames]]>
    </failure>
  </testcase> <!-- visitSiteRegButtonTest -->
  <testcase classname="tests.reviewCategory.ReviewCategoryTest" name="changeLanguageButtonTest" time="35.528"/>
  <testcase classname="tests.reviewCategory.ReviewCategoryTest" name="footerButtonsTest" time="62.244"/>
  <testcase classname="tests.reviewCategory.ReviewCategoryTest" name="headerButtonsTest" time="10.242"/>
  <testcase classname="tests.reviewCategory.ReviewCategoryTest" name="mainLogoLinkTest" time="1.575"/>
  <testcase classname="tests.reviewCategory.ReviewCategoryTest" name="paginationButtonTest" time="1.026"/>
  <testcase classname="tests.reviewCategory.ReviewCategoryTest" name="readReviewButtonTest" time="58.41"/>
  <testcase classname="tests.reviewCategory.ReviewCategoryTest" name="visitSiteRegButtonTest" time="2942.459">
    <failure type="java.lang.AssertionError" message="expected [0] but found [24]">
      <![CDATA[java.lang.AssertionError: expected [0] but found [24]
at tests.reviewCategory.ReviewCategoryTest.visitSiteRegButtonTest(ReviewCategoryTest.java:95)
at java.base/java.util.ArrayList.forEach(ArrayList.java:1541)
... Removed 38 stack frames]]>
    </failure>
  </testcase> <!-- visitSiteRegButtonTest -->
  <testcase classname="tests.sugarDaddies.SugarDaddiesTest" name="addProfilesRegButtonTest" time="121.513">
    <failure type="java.lang.AssertionError" message="expected [true] but found [false]">
      <![CDATA[java.lang.AssertionError: expected [true] but found [false]
at tests.sugarDaddies.SugarDaddiesTest.addProfilesRegButtonTest(SugarDaddiesTest.java:131)
at java.base/java.util.ArrayList.forEach(ArrayList.java:1541)
... Removed 36 stack frames]]>
    </failure>
  </testcase> <!-- addProfilesRegButtonTest -->
  <testcase classname="tests.sugarDaddies.SugarDaddiesTest" name="findSugarCityButtonTest" time="0.0">
    <skipped/>
  </testcase> <!-- findSugarCityButtonTest -->
  <testcase classname="tests.sugarDaddies.SugarDaddiesTest" name="footerButtonsTest" time="0.0">
    <skipped/>
  </testcase> <!-- footerButtonsTest -->
  <testcase classname="tests.sugarDaddies.SugarDaddiesTest" name="headerButtonsTest" time="0.0">
    <skipped/>
  </testcase> <!-- headerButtonsTest -->
  <testcase classname="tests.sugarDaddies.SugarDaddiesTest" name="loadMoreRegButtonTest" time="0.0">
    <skipped/>
  </testcase> <!-- loadMoreRegButtonTest -->
  <testcase classname="tests.sugarDaddies.SugarDaddiesTest" name="mainLogoLinkTest" time="0.0">
    <skipped/>
  </testcase> <!-- mainLogoLinkTest -->
  <testcase classname="tests.sugarDaddies.SugarDaddiesTest" name="readFullReviewButtonTest" time="0.0">
    <skipped/>
  </testcase> <!-- readFullReviewButtonTest -->
  <testcase classname="tests.sugarDaddies.SugarDaddiesTest" name="readReviewButtonTest" time="0.0">
    <skipped/>
  </testcase> <!-- readReviewButtonTest -->
  <testcase classname="tests.sugarDaddies.SugarDaddiesTest" name="sendMessageRegButtonTest" time="0.0">
    <skipped/>
  </testcase> <!-- sendMessageRegButtonTest -->
  <testcase classname="tests.sugarDaddies.SugarDaddiesTest" name="startButtonTest" time="0.0">
    <skipped/>
  </testcase> <!-- startButtonTest -->
  <testcase classname="tests.sugarDaddies.SugarDaddiesTest" name="visitSiteRegButtonInTopSitesForSugarDatingTest" time="0.0">
    <skipped/>
  </testcase> <!-- visitSiteRegButtonInTopSitesForSugarDatingTest -->
  <testcase classname="tests.sugarDaddies.SugarDaddiesTest" name="visitSiteRegButtonTest" time="0.0">
    <skipped/>
  </testcase> <!-- visitSiteRegButtonTest -->
</testsuite> <!-- Surefire test -->
