<!DOCTYPE html PUBLIC "-//W3C//DTD XHTML 1.1//EN" "https://www.w3.org/TR/xhtml11/DTD/xhtml11.dtd">
<html xmlns="https://www.w3.org/1999/xhtml">
<head>
<meta http-equiv="content-type" content="text/html; charset=UTF-8"/>
<title>TestNG Report</title>
<style type="text/css">table {margin-bottom:10px;border-collapse:collapse;empty-cells:show}th,td {border:1px solid #009;padding:.25em .5em}th {vertical-align:bottom}td {vertical-align:top}table a {font-weight:bold}.stripe td {background-color: #E6EBF9}.num {text-align:right}.passedodd td {background-color: #3F3}.passedeven td {background-color: #0A0}.skippedodd td {background-color: #DDD}.skippedeven td {background-color: #CCC}.failedodd td,.attn {background-color: #F33}.failedeven td,.stripe .attn {background-color: #D00}.stacktrace {white-space:pre;font-family:monospace}.totop {font-size:85%;text-align:center;border-bottom:2px solid #000}.invisible {display:none}</style>
</head>
<body>
<table>
<tr><th>Test</th><th># Passed</th><th># Skipped</th><th># Retried</th><th># Failed</th><th>Time (ms)</th><th>Included Groups</th><th>Excluded Groups</th></tr>
<tr><th colspan="8">Surefire suite</th></tr>
<tr><td><a href="#t0">Surefire test</a></td><td class="num">50</td><td class="num attn">22</td><td class="num">0</td><td class="num attn">7</td><td class="num">7 442 931</td><td></td><td></td></tr>
</table>
<table id='summary'><thead><tr><th>Class</th><th>Method</th><th>Start</th><th>Time (ms)</th></tr></thead><tbody><tr><th colspan="4">Surefire suite</th></tr></tbody><tbody id="t0"><tr><th colspan="4">Surefire test &#8212; failed (configuration methods)</th></tr><tr class="failedeven"><td rowspan="1">tests.localHookup.LocalHookupTest</td><td><a href="#m0">clearCookiesAndExit</a></td><td rowspan="1">1661255560978</td><td rowspan="1">19</td></tr><tr class="failedodd"><td rowspan="1">tests.main.MainTest</td><td><a href="#m1">clearCookiesAndExit</a></td><td rowspan="1">1661256672847</td><td rowspan="1">10</td></tr><tr class="failedeven"><td rowspan="1">tests.review.ReviewTest</td><td><a href="#m2">clearCookiesAndExit</a></td><td rowspan="1">1661257659415</td><td rowspan="1">8</td></tr><tr class="failedodd"><td rowspan="1">tests.sugarDaddies.SugarDaddiesTest</td><td><a href="#m3">clearCookiesAndExit</a></td><td rowspan="1">1661261179389</td><td rowspan="1">9</td></tr><tr><th colspan="4">Surefire test &#8212; failed</th></tr><tr class="failedeven"><td rowspan="1">tests.localHookup.LocalHookupTest</td><td><a href="#m4">learnMoreButtonTest</a></td><td rowspan="1">1661255439435</td><td rowspan="1">121530</td></tr><tr class="failedodd"><td rowspan="2">tests.main.MainTest</td><td><a href="#m5">downloadAppRegButtonTest</a></td><td rowspan="1">1661255716682</td><td rowspan="1">612881</td></tr><tr class="failedodd"><td><a href="#m6">learnMoreRegButtonTest</a></td><td rowspan="1">1661256552348</td><td rowspan="1">120498</td></tr><tr class="failedeven"><td rowspan="2">tests.review.ReviewTest</td><td><a href="#m7">pictureRegButtonsTest</a></td><td rowspan="1">1661256971468</td><td rowspan="1">367560</td></tr><tr class="failedeven"><td><a href="#m8">visitSiteRegButtonTest</a></td><td rowspan="1">1661257538882</td><td rowspan="1">120531</td></tr><tr class="failedodd"><td rowspan="1">tests.reviewCategory.ReviewCategoryTest</td><td><a href="#m9">visitSiteRegButtonTest</a></td><td rowspan="1">1661258077895</td><td rowspan="1">2942459</td></tr><tr class="failedeven"><td rowspan="1">tests.sugarDaddies.SugarDaddiesTest</td><td><a href="#m10">addProfilesRegButtonTest</a></td><td rowspan="1">1661261057874</td><td rowspan="1">121513</td></tr><tr><th colspan="4">Surefire test &#8212; skipped (configuration methods)</th></tr><tr class="skippedeven"><td rowspan="14">tests.localHookup.LocalHookupTest</td><td><a href="#m11">clearCookiesAndExit</a></td><td rowspan="7">1661255561056</td><td rowspan="7">0</td></tr><tr class="skippedeven"><td><a href="#m12">clearCookiesAndExit</a></td></tr><tr class="skippedeven"><td><a href="#m13">clearCookiesAndExit</a></td></tr><tr class="skippedeven"><td><a href="#m14">clearCookiesAndExit</a></td></tr><tr class="skippedeven"><td><a href="#m15">clearCookiesAndExit</a></td></tr><tr class="skippedeven"><td><a href="#m16">clearCookiesAndExit</a></td></tr><tr class="skippedeven"><td><a href="#m17">clearCookiesAndExit</a></td></tr><tr class="skippedeven"><td><a href="#m18">setUp</a></td><td rowspan="7">1661255561020</td><td rowspan="7">0</td></tr><tr class="skippedeven"><td><a href="#m19">setUp</a></td></tr><tr class="skippedeven"><td><a href="#m20">setUp</a></td></tr><tr class="skippedeven"><td><a href="#m21">setUp</a></td></tr><tr class="skippedeven"><td><a href="#m22">setUp</a></td></tr><tr class="skippedeven"><td><a href="#m23">setUp</a></td></tr><tr class="skippedeven"><td><a href="#m24">setUp</a></td></tr><tr class="skippedodd"><td rowspan="8">tests.main.MainTest</td><td><a href="#m25">clearCookiesAndExit</a></td><td rowspan="4">1661256672865</td><td rowspan="4">0</td></tr><tr class="skippedodd"><td><a href="#m26">clearCookiesAndExit</a></td></tr><tr class="skippedodd"><td><a href="#m27">clearCookiesAndExit</a></td></tr><tr class="skippedodd"><td><a href="#m28">clearCookiesAndExit</a></td></tr><tr class="skippedodd"><td><a href="#m29">setUp</a></td><td rowspan="4">1661256672867</td><td rowspan="4">0</td></tr><tr class="skippedodd"><td><a href="#m30">setUp</a></td></tr><tr class="skippedodd"><td><a href="#m31">setUp</a></td></tr><tr class="skippedodd"><td><a href="#m32">setUp</a></td></tr><tr class="skippedeven"><td rowspan="22">tests.sugarDaddies.SugarDaddiesTest</td><td><a href="#m33">clearCookiesAndExit</a></td><td rowspan="11">1661261179412</td><td rowspan="11">0</td></tr><tr class="skippedeven"><td><a href="#m34">clearCookiesAndExit</a></td></tr><tr class="skippedeven"><td><a href="#m35">clearCookiesAndExit</a></td></tr><tr class="skippedeven"><td><a href="#m36">clearCookiesAndExit</a></td></tr><tr class="skippedeven"><td><a href="#m37">clearCookiesAndExit</a></td></tr><tr class="skippedeven"><td><a href="#m38">clearCookiesAndExit</a></td></tr><tr class="skippedeven"><td><a href="#m39">clearCookiesAndExit</a></td></tr><tr class="skippedeven"><td><a href="#m40">clearCookiesAndExit</a></td></tr><tr class="skippedeven"><td><a href="#m41">clearCookiesAndExit</a></td></tr><tr class="skippedeven"><td><a href="#m42">clearCookiesAndExit</a></td></tr><tr class="skippedeven"><td><a href="#m43">clearCookiesAndExit</a></td></tr><tr class="skippedeven"><td><a href="#m44">setUp</a></td><td rowspan="11">1661261179419</td><td rowspan="11">0</td></tr><tr class="skippedeven"><td><a href="#m45">setUp</a></td></tr><tr class="skippedeven"><td><a href="#m46">setUp</a></td></tr><tr class="skippedeven"><td><a href="#m47">setUp</a></td></tr><tr class="skippedeven"><td><a href="#m48">setUp</a></td></tr><tr class="skippedeven"><td><a href="#m49">setUp</a></td></tr><tr class="skippedeven"><td><a href="#m50">setUp</a></td></tr><tr class="skippedeven"><td><a href="#m51">setUp</a></td></tr><tr class="skippedeven"><td><a href="#m52">setUp</a></td></tr><tr class="skippedeven"><td><a href="#m53">setUp</a></td></tr><tr class="skippedeven"><td><a href="#m54">setUp</a></td></tr><tr><th colspan="4">Surefire test &#8212; skipped</th></tr><tr class="skippedeven"><td rowspan="7">tests.localHookup.LocalHookupTest</td><td><a href="#m55">loadMoreButtonTest</a></td><td rowspan="1">1661255561013</td><td rowspan="1">0</td></tr><tr class="skippedeven"><td><a href="#m56">loadMoreReviewButtonTest</a></td><td rowspan="1">1661255561022</td><td rowspan="1">0</td></tr><tr class="skippedeven"><td><a href="#m57">mainLogoLinkTest</a></td><td rowspan="1">1661255561029</td><td rowspan="1">0</td></tr><tr class="skippedeven"><td><a href="#m58">readFullReviewButtonTest</a></td><td rowspan="1">1661255561036</td><td rowspan="1">0</td></tr><tr class="skippedeven"><td><a href="#m59">readReviewButtonTest</a></td><td rowspan="1">1661255561043</td><td rowspan="1">1</td></tr><tr class="skippedeven"><td><a href="#m60">visitSiteButtonTest</a></td><td rowspan="1">1661255561052</td><td rowspan="1">0</td></tr><tr class="skippedeven"><td><a href="#m61">visitSiteInTextButtonTest</a></td><td rowspan="1">1661255561059</td><td rowspan="1">0</td></tr><tr class="skippedodd"><td rowspan="4">tests.main.MainTest</td><td><a href="#m62">loadMoreButtonTest</a></td><td rowspan="1">1661256672863</td><td rowspan="1">0</td></tr><tr class="skippedodd"><td><a href="#m63">mainLogoLinkTest</a></td><td rowspan="1">1661256672868</td><td rowspan="1">1</td></tr><tr class="skippedodd"><td><a href="#m64">readArticleButtonTest</a></td><td rowspan="1">1661256672874</td><td rowspan="1">0</td></tr><tr class="skippedodd"><td><a href="#m65">readReviewButtonTest</a></td><td rowspan="1">1661256672879</td><td rowspan="1">0</td></tr><tr class="skippedeven"><td rowspan="11">tests.sugarDaddies.SugarDaddiesTest</td><td><a href="#m66">findSugarCityButtonTest</a></td><td rowspan="1">1661261179404</td><td rowspan="1">0</td></tr><tr class="skippedeven"><td><a href="#m67">footerButtonsTest</a></td><td rowspan="1">1661261179410</td><td rowspan="1">0</td></tr><tr class="skippedeven"><td><a href="#m68">headerButtonsTest</a></td><td rowspan="1">1661261179415</td><td rowspan="1">0</td></tr><tr class="skippedeven"><td><a href="#m69">loadMoreRegButtonTest</a></td><td rowspan="1">1661261179421</td><td rowspan="1">0</td></tr><tr class="skippedeven"><td><a href="#m70">mainLogoLinkTest</a></td><td rowspan="1">1661261179428</td><td rowspan="1">0</td></tr><tr class="skippedeven"><td><a href="#m71">readFullReviewButtonTest</a></td><td rowspan="1">1661261179433</td><td rowspan="1">0</td></tr><tr class="skippedeven"><td><a href="#m72">readReviewButtonTest</a></td><td rowspan="1">1661261179438</td><td rowspan="1">0</td></tr><tr class="skippedeven"><td><a href="#m73">sendMessageRegButtonTest</a></td><td rowspan="1">1661261179443</td><td rowspan="1">0</td></tr><tr class="skippedeven"><td><a href="#m74">startButtonTest</a></td><td rowspan="1">1661261179450</td><td rowspan="1">0</td></tr><tr class="skippedeven"><td><a href="#m75">visitSiteRegButtonInTopSitesForSugarDatingTest</a></td><td rowspan="1">1661261179457</td><td rowspan="1">0</td></tr><tr class="skippedeven"><td><a href="#m76">visitSiteRegButtonTest</a></td><td rowspan="1">1661261179463</td><td rowspan="1">0</td></tr><tr><th colspan="4">Surefire test &#8212; passed</th></tr><tr class="passedeven"><td rowspan="9">tests.blog.BlogTest</td><td><a href="#m77">authorButtonTest</a></td><td rowspan="1">1661253773207</td><td rowspan="1">5541</td></tr><tr class="passedeven"><td><a href="#m78">footerButtonsTest</a></td><td rowspan="1">1661253815090</td><td rowspan="1">61672</td></tr><tr class="passedeven"><td><a href="#m79">headerButtonsTest</a></td><td rowspan="1">1661253913062</td><td rowspan="1">10147</td></tr><tr class="passedeven"><td><a href="#m80">mainLogoLinkTest</a></td><td rowspan="1">1661253959701</td><td rowspan="1">1547</td></tr><tr class="passedeven"><td><a href="#m81">nextSliderButtonTest</a></td><td rowspan="1">1661253997596</td><td rowspan="1">3204</td></tr><tr class="passedeven"><td><a href="#m82">successfulCommentFormTest</a></td><td rowspan="1">1661254037085</td><td rowspan="1">6365</td></tr><tr class="passedeven"><td><a href="#m83">topPostBlogButtonTest</a></td><td rowspan="1">1661254079855</td><td rowspan="1">9610</td></tr><tr class="passedeven"><td><a href="#m84">topPostButtonTest</a></td><td rowspan="1">1661254125719</td><td rowspan="1">9979</td></tr><tr class="passedeven"><td><a href="#m85">unsuccessfulCommentFormTest</a></td><td rowspan="1">1661254169726</td><td rowspan="1">6292</td></tr><tr class="passedodd"><td rowspan="6">tests.blogCategory.BlogCategoryTest</td><td><a href="#m86">blogPostTest</a></td><td rowspan="1">1661254212310</td><td rowspan="1">57985</td></tr><tr class="passedodd"><td><a href="#m87">footerButtonsTest</a></td><td rowspan="1">1661254304260</td><td rowspan="1">61819</td></tr><tr class="passedodd"><td><a href="#m88">headerButtonsTest</a></td><td rowspan="1">1661254402511</td><td rowspan="1">10107</td></tr><tr class="passedodd"><td><a href="#m89">mainLogoLinkTest</a></td><td rowspan="1">1661254448975</td><td rowspan="1">1510</td></tr><tr class="passedodd"><td><a href="#m90">topPostBlogButtonTest</a></td><td rowspan="1">1661254484473</td><td rowspan="1">11713</td></tr><tr class="passedodd"><td><a href="#m91">topPostButtonTest</a></td><td rowspan="1">1661254532408</td><td rowspan="1">11982</td></tr><tr class="passedeven"><td rowspan="3">tests.contactUs.ContactUsTest</td><td><a href="#m92">footerButtonsTest</a></td><td rowspan="1">1661254581309</td><td rowspan="1">61255</td></tr><tr class="passedeven"><td><a href="#m93">headerButtonsTest</a></td><td rowspan="1">1661254679557</td><td rowspan="1">10262</td></tr><tr class="passedeven"><td><a href="#m94">mainLogoLinkTest</a></td><td rowspan="1">1661254726564</td><td rowspan="1">1556</td></tr><tr class="passedodd"><td rowspan="5">tests.escort.EscortTest</td><td><a href="#m95">cityButtonTest</a></td><td rowspan="1">1661254762122</td><td rowspan="1">2020</td></tr><tr class="passedodd"><td><a href="#m96">footerButtonsTest</a></td><td rowspan="1">1661254800533</td><td rowspan="1">61777</td></tr><tr class="passedodd"><td><a href="#m97">headerButtonsTest</a></td><td rowspan="1">1661254898574</td><td rowspan="1">10444</td></tr><tr class="passedodd"><td><a href="#m98">inputCitySearchTest</a></td><td rowspan="1">1661254945433</td><td rowspan="1">15183</td></tr><tr class="passedodd"><td><a href="#m99">mainLogoLinkTest</a></td><td rowspan="1">1661254996926</td><td rowspan="1">1651</td></tr><tr class="passedeven"><td rowspan="7">tests.localHookup.LocalHookupTest</td><td><a href="#m100">articlesButtonTest</a></td><td rowspan="1">1661255035045</td><td rowspan="1">50272</td></tr><tr class="passedeven"><td><a href="#m101">authorButtonTest</a></td><td rowspan="1">1661255121747</td><td rowspan="1">6473</td></tr><tr class="passedeven"><td><a href="#m102">blogSliderTest</a></td><td rowspan="1">1661255164684</td><td rowspan="1">3324</td></tr><tr class="passedeven"><td><a href="#m103">faqCollapseButtonTest</a></td><td rowspan="1">1661255204484</td><td rowspan="1">6173</td></tr><tr class="passedeven"><td><a href="#m104">footerButtonsTest</a></td><td rowspan="1">1661255247119</td><td rowspan="1">62167</td></tr><tr class="passedeven"><td><a href="#m105">headerButtonsTest</a></td><td rowspan="1">1661255343454</td><td rowspan="1">10323</td></tr><tr class="passedeven"><td><a href="#m106">latestNewsButtonTest</a></td><td rowspan="1">1661255390231</td><td rowspan="1">12710</td></tr><tr class="passedodd"><td rowspan="5">tests.main.MainTest</td><td><a href="#m107">blogSliderTest</a></td><td rowspan="1">1661255595047</td><td rowspan="1">2134</td></tr><tr class="passedodd"><td><a href="#m108">changeLanguageButtonTest</a></td><td rowspan="1">1661255633711</td><td rowspan="1">46376</td></tr><tr class="passedodd"><td><a href="#m109">faqButtonTest</a></td><td rowspan="1">1661256366036</td><td rowspan="1">4261</td></tr><tr class="passedodd"><td><a href="#m110">footerButtonsTest</a></td><td rowspan="1">1661256406735</td><td rowspan="1">62247</td></tr><tr class="passedodd"><td><a href="#m111">headerButtonsTest</a></td><td rowspan="1">1661256505445</td><td rowspan="1">10572</td></tr><tr class="passedeven"><td rowspan="9">tests.review.ReviewTest</td><td><a href="#m112">footerButtonsTest</a></td><td rowspan="1">1661256706834</td><td rowspan="1">62655</td></tr><tr class="passedeven"><td><a href="#m113">headerButtonsTest</a></td><td rowspan="1">1661256803500</td><td rowspan="1">10195</td></tr><tr class="passedeven"><td><a href="#m114">latestReviewsButtonTest</a></td><td rowspan="1">1661256847687</td><td rowspan="1">12283</td></tr><tr class="passedeven"><td><a href="#m115">mainLogoLinkTest</a></td><td rowspan="1">1661256896283</td><td rowspan="1">1485</td></tr><tr class="passedeven"><td><a href="#m116">nextSliderButtonTest</a></td><td rowspan="1">1661256931891</td><td rowspan="1">3272</td></tr><tr class="passedeven"><td><a href="#m117">startButtonTest</a></td><td rowspan="1">1661257373143</td><td rowspan="1">2613</td></tr><tr class="passedeven"><td><a href="#m118">successfulCommentFormTest</a></td><td rowspan="1">1661257412141</td><td rowspan="1">6342</td></tr><tr class="passedeven"><td><a href="#m119">typesOfRelationshipsButtonTest</a></td><td rowspan="1">1661257454812</td><td rowspan="1">5106</td></tr><tr class="passedeven"><td><a href="#m120">unsuccessfulCommentFormTest</a></td><td rowspan="1">1661257496179</td><td rowspan="1">6307</td></tr><tr class="passedodd"><td rowspan="6">tests.reviewCategory.ReviewCategoryTest</td><td><a href="#m121">changeLanguageButtonTest</a></td><td rowspan="1">1661257693407</td><td rowspan="1">35528</td></tr><tr class="passedodd"><td><a href="#m122">footerButtonsTest</a></td><td rowspan="1">1661257765326</td><td rowspan="1">62244</td></tr><tr class="passedodd"><td><a href="#m123">headerButtonsTest</a></td><td rowspan="1">1661257863804</td><td rowspan="1">10242</td></tr><tr class="passedodd"><td><a href="#m124">mainLogoLinkTest</a></td><td rowspan="1">1661257910287</td><td rowspan="1">1575</td></tr><tr class="passedodd"><td><a href="#m125">paginationButtonTest</a></td><td rowspan="1">1661257948111</td><td rowspan="1">1026</td></tr><tr class="passedodd"><td><a href="#m126">readReviewButtonTest</a></td><td rowspan="1">1661257985467</td><td rowspan="1">58410</td></tr></tbody>
</table>
<h2>Surefire test</h2><h3 id="m0">tests.localHookup.LocalHookupTest#clearCookiesAndExit</h3><table class="result"><tr><th>Exception</th></tr><tr><td><div class="stacktrace">org.openqa.selenium.WebDriverException: &lt;unknown&gt;: Failed to read the &apos;sessionStorage&apos; property from &apos;Window&apos;: Access is denied for this document.
  (Session info: chrome=104.0.5112.82)
Build info: version: &apos;4.1.4&apos;, revision: &apos;535d840ee2&apos;
System info: host: &apos;IGOR&apos;, ip: &apos;192.168.0.106&apos;, os.name: &apos;Windows 10&apos;, os.arch: &apos;amd64&apos;, os.version: &apos;10.0&apos;, java.version: &apos;11.0.15.1&apos;
Driver info: org.openqa.selenium.chrome.ChromeDriver
Command: [416825e23f805af5a95591d18447406f, executeScript {script=window.sessionStorage.clear(), args=[]}]
Capabilities {acceptInsecureCerts: false, browserName: chrome, browserVersion: 104.0.5112.82, chrome: {chromedriverVersion: 104.0.5112.79 (3cf3e8c8a07d..., userDataDir: C:\Users\GYROCO~1\AppData\L...}, goog:chromeOptions: {debuggerAddress: localhost:56010}, javascriptEnabled: true, networkConnectionEnabled: false, pageLoadStrategy: normal, platform: WINDOWS, platformName: WINDOWS, proxy: Proxy(), se:cdp: ws://localhost:56010/devtoo..., se:cdpVersion: 104.0.5112.82, setWindowRect: true, strictFileInteractability: false, timeouts: {implicit: 0, pageLoad: 300000, script: 30000}, unhandledPromptBehavior: dismiss and notify, webauthn:extension:credBlob: true, webauthn:extension:largeBlob: true, webauthn:virtualAuthenticators: true}
Session ID: 416825e23f805af5a95591d18447406f
	at org.openqa.selenium.remote.codec.w3c.W3CHttpResponseCodec.createException(W3CHttpResponseCodec.java:200)
	at org.openqa.selenium.remote.codec.w3c.W3CHttpResponseCodec.decode(W3CHttpResponseCodec.java:133)
	at org.openqa.selenium.remote.codec.w3c.W3CHttpResponseCodec.decode(W3CHttpResponseCodec.java:53)
	at org.openqa.selenium.remote.HttpCommandExecutor.execute(HttpCommandExecutor.java:184)
	at org.openqa.selenium.remote.service.DriverCommandExecutor.invokeExecute(DriverCommandExecutor.java:167)
	at org.openqa.selenium.remote.service.DriverCommandExecutor.execute(DriverCommandExecutor.java:142)
	at org.openqa.selenium.remote.RemoteWebDriver.execute(RemoteWebDriver.java:567)
	at org.openqa.selenium.remote.RemoteWebDriver.executeScript(RemoteWebDriver.java:501)
	at pages.base.BasePage.clearCookiesAndLocalStorageAndClose(BasePage.java:40)
	at tests.base.BaseTest.clearCookiesAndExit(BaseTest.java:80)
	at java.base/java.util.ArrayList.forEach(ArrayList.java:1541)
... Removed 40 stack frames</div></td></tr></table><p class="totop"><a href="#summary">back to summary</a></p>
<h3 id="m1">tests.main.MainTest#clearCookiesAndExit</h3><table class="result"><tr><th>Exception</th></tr><tr><td><div class="stacktrace">org.openqa.selenium.WebDriverException: &lt;unknown&gt;: Failed to read the &apos;sessionStorage&apos; property from &apos;Window&apos;: Access is denied for this document.
  (Session info: chrome=104.0.5112.82)
Build info: version: &apos;4.1.4&apos;, revision: &apos;535d840ee2&apos;
System info: host: &apos;IGOR&apos;, ip: &apos;192.168.0.106&apos;, os.name: &apos;Windows 10&apos;, os.arch: &apos;amd64&apos;, os.version: &apos;10.0&apos;, java.version: &apos;11.0.15.1&apos;
Driver info: org.openqa.selenium.chrome.ChromeDriver
Command: [0d9e1053b4bb223e43038a387afcf974, executeScript {script=window.sessionStorage.clear(), args=[]}]
Capabilities {acceptInsecureCerts: false, browserName: chrome, browserVersion: 104.0.5112.82, chrome: {chromedriverVersion: 104.0.5112.79 (3cf3e8c8a07d..., userDataDir: C:\Users\GYROCO~1\AppData\L...}, goog:chromeOptions: {debuggerAddress: localhost:57959}, javascriptEnabled: true, networkConnectionEnabled: false, pageLoadStrategy: normal, platform: WINDOWS, platformName: WINDOWS, proxy: Proxy(), se:cdp: ws://localhost:57959/devtoo..., se:cdpVersion: 104.0.5112.82, setWindowRect: true, strictFileInteractability: false, timeouts: {implicit: 0, pageLoad: 300000, script: 30000}, unhandledPromptBehavior: dismiss and notify, webauthn:extension:credBlob: true, webauthn:extension:largeBlob: true, webauthn:virtualAuthenticators: true}
Session ID: 0d9e1053b4bb223e43038a387afcf974
	at org.openqa.selenium.remote.codec.w3c.W3CHttpResponseCodec.createException(W3CHttpResponseCodec.java:200)
	at org.openqa.selenium.remote.codec.w3c.W3CHttpResponseCodec.decode(W3CHttpResponseCodec.java:133)
	at org.openqa.selenium.remote.codec.w3c.W3CHttpResponseCodec.decode(W3CHttpResponseCodec.java:53)
	at org.openqa.selenium.remote.HttpCommandExecutor.execute(HttpCommandExecutor.java:184)
	at org.openqa.selenium.remote.service.DriverCommandExecutor.invokeExecute(DriverCommandExecutor.java:167)
	at org.openqa.selenium.remote.service.DriverCommandExecutor.execute(DriverCommandExecutor.java:142)
	at org.openqa.selenium.remote.RemoteWebDriver.execute(RemoteWebDriver.java:567)
	at org.openqa.selenium.remote.RemoteWebDriver.executeScript(RemoteWebDriver.java:501)
	at pages.base.BasePage.clearCookiesAndLocalStorageAndClose(BasePage.java:40)
	at tests.base.BaseTest.clearCookiesAndExit(BaseTest.java:80)
	at java.base/java.util.ArrayList.forEach(ArrayList.java:1541)
... Removed 40 stack frames</div></td></tr></table><p class="totop"><a href="#summary">back to summary</a></p>
<h3 id="m2">tests.review.ReviewTest#clearCookiesAndExit</h3><table class="result"><tr><th>Exception</th></tr><tr><td><div class="stacktrace">org.openqa.selenium.WebDriverException: &lt;unknown&gt;: Failed to read the &apos;sessionStorage&apos; property from &apos;Window&apos;: Access is denied for this document.
  (Session info: chrome=104.0.5112.82)
Build info: version: &apos;4.1.4&apos;, revision: &apos;535d840ee2&apos;
System info: host: &apos;IGOR&apos;, ip: &apos;192.168.0.106&apos;, os.name: &apos;Windows 10&apos;, os.arch: &apos;amd64&apos;, os.version: &apos;10.0&apos;, java.version: &apos;11.0.15.1&apos;
Driver info: org.openqa.selenium.chrome.ChromeDriver
Command: [e8c58f8c39d865a19932ccf4062654ca, executeScript {script=window.sessionStorage.clear(), args=[]}]
Capabilities {acceptInsecureCerts: false, browserName: chrome, browserVersion: 104.0.5112.82, chrome: {chromedriverVersion: 104.0.5112.79 (3cf3e8c8a07d..., userDataDir: C:\Users\GYROCO~1\AppData\L...}, goog:chromeOptions: {debuggerAddress: localhost:60095}, javascriptEnabled: true, networkConnectionEnabled: false, pageLoadStrategy: normal, platform: WINDOWS, platformName: WINDOWS, proxy: Proxy(), se:cdp: ws://localhost:60095/devtoo..., se:cdpVersion: 104.0.5112.82, setWindowRect: true, strictFileInteractability: false, timeouts: {implicit: 0, pageLoad: 300000, script: 30000}, unhandledPromptBehavior: dismiss and notify, webauthn:extension:credBlob: true, webauthn:extension:largeBlob: true, webauthn:virtualAuthenticators: true}
Session ID: e8c58f8c39d865a19932ccf4062654ca
	at org.openqa.selenium.remote.codec.w3c.W3CHttpResponseCodec.createException(W3CHttpResponseCodec.java:200)
	at org.openqa.selenium.remote.codec.w3c.W3CHttpResponseCodec.decode(W3CHttpResponseCodec.java:133)
	at org.openqa.selenium.remote.codec.w3c.W3CHttpResponseCodec.decode(W3CHttpResponseCodec.java:53)
	at org.openqa.selenium.remote.HttpCommandExecutor.execute(HttpCommandExecutor.java:184)
	at org.openqa.selenium.remote.service.DriverCommandExecutor.invokeExecute(DriverCommandExecutor.java:167)
	at org.openqa.selenium.remote.service.DriverCommandExecutor.execute(DriverCommandExecutor.java:142)
	at org.openqa.selenium.remote.RemoteWebDriver.execute(RemoteWebDriver.java:567)
	at org.openqa.selenium.remote.RemoteWebDriver.executeScript(RemoteWebDriver.java:501)
	at pages.base.BasePage.clearCookiesAndLocalStorageAndClose(BasePage.java:40)
	at tests.base.BaseTest.clearCookiesAndExit(BaseTest.java:80)
	at java.base/java.util.ArrayList.forEach(ArrayList.java:1541)
... Removed 40 stack frames</div></td></tr></table><p class="totop"><a href="#summary">back to summary</a></p>
<h3 id="m3">tests.sugarDaddies.SugarDaddiesTest#clearCookiesAndExit</h3><table class="result"><tr><th>Exception</th></tr><tr><td><div class="stacktrace">org.openqa.selenium.WebDriverException: &lt;unknown&gt;: Failed to read the &apos;sessionStorage&apos; property from &apos;Window&apos;: Access is denied for this document.
  (Session info: chrome=104.0.5112.82)
Build info: version: &apos;4.1.4&apos;, revision: &apos;535d840ee2&apos;
System info: host: &apos;IGOR&apos;, ip: &apos;192.168.0.106&apos;, os.name: &apos;Windows 10&apos;, os.arch: &apos;amd64&apos;, os.version: &apos;10.0&apos;, java.version: &apos;11.0.15.1&apos;
Driver info: org.openqa.selenium.chrome.ChromeDriver
Command: [0ab8bc72d4fa9c0e700cab807a47dc7e, executeScript {script=window.sessionStorage.clear(), args=[]}]
Capabilities {acceptInsecureCerts: false, browserName: chrome, browserVersion: 104.0.5112.82, chrome: {chromedriverVersion: 104.0.5112.79 (3cf3e8c8a07d..., userDataDir: C:\Users\GYROCO~1\AppData\L...}, goog:chromeOptions: {debuggerAddress: localhost:62082}, javascriptEnabled: true, networkConnectionEnabled: false, pageLoadStrategy: normal, platform: WINDOWS, platformName: WINDOWS, proxy: Proxy(), se:cdp: ws://localhost:62082/devtoo..., se:cdpVersion: 104.0.5112.82, setWindowRect: true, strictFileInteractability: false, timeouts: {implicit: 0, pageLoad: 300000, script: 30000}, unhandledPromptBehavior: dismiss and notify, webauthn:extension:credBlob: true, webauthn:extension:largeBlob: true, webauthn:virtualAuthenticators: true}
Session ID: 0ab8bc72d4fa9c0e700cab807a47dc7e
	at org.openqa.selenium.remote.codec.w3c.W3CHttpResponseCodec.createException(W3CHttpResponseCodec.java:200)
	at org.openqa.selenium.remote.codec.w3c.W3CHttpResponseCodec.decode(W3CHttpResponseCodec.java:133)
	at org.openqa.selenium.remote.codec.w3c.W3CHttpResponseCodec.decode(W3CHttpResponseCodec.java:53)
	at org.openqa.selenium.remote.HttpCommandExecutor.execute(HttpCommandExecutor.java:184)
	at org.openqa.selenium.remote.service.DriverCommandExecutor.invokeExecute(DriverCommandExecutor.java:167)
	at org.openqa.selenium.remote.service.DriverCommandExecutor.execute(DriverCommandExecutor.java:142)
	at org.openqa.selenium.remote.RemoteWebDriver.execute(RemoteWebDriver.java:567)
	at org.openqa.selenium.remote.RemoteWebDriver.executeScript(RemoteWebDriver.java:501)
	at pages.base.BasePage.clearCookiesAndLocalStorageAndClose(BasePage.java:40)
	at tests.base.BaseTest.clearCookiesAndExit(BaseTest.java:80)
	at java.base/java.util.ArrayList.forEach(ArrayList.java:1541)
... Removed 40 stack frames</div></td></tr></table><p class="totop"><a href="#summary">back to summary</a></p>
<h3 id="m4">tests.localHookup.LocalHookupTest#learnMoreButtonTest</h3><table class="result"><tr><th>Exception</th></tr><tr><td><div class="stacktrace">java.lang.AssertionError: expected [true] but found [false]
	at tests.localHookup.LocalHookupTest.learnMoreButtonTest(LocalHookupTest.java:73)
	at java.base/java.util.ArrayList.forEach(ArrayList.java:1541)
... Removed 36 stack frames</div></td></tr></table><p class="totop"><a href="#summary">back to summary</a></p>
<h3 id="m5">tests.main.MainTest#downloadAppRegButtonTest</h3><table class="result"><tr><th>Exception</th></tr><tr><td><div class="stacktrace">java.lang.AssertionError: expected [0] but found [5]
	at tests.main.MainTest.downloadAppRegButtonTest(MainTest.java:105)
	at java.base/java.util.ArrayList.forEach(ArrayList.java:1541)
... Removed 38 stack frames</div></td></tr></table><p class="totop"><a href="#summary">back to summary</a></p>
<h3 id="m6">tests.main.MainTest#learnMoreRegButtonTest</h3><table class="result"><tr><th>Exception</th></tr><tr><td><div class="stacktrace">java.lang.AssertionError: expected [true] but found [false]
	at tests.main.MainTest.learnMoreRegButtonTest(MainTest.java:89)
	at java.base/java.util.ArrayList.forEach(ArrayList.java:1541)
... Removed 36 stack frames</div></td></tr></table><p class="totop"><a href="#summary">back to summary</a></p>
<h3 id="m7">tests.review.ReviewTest#pictureRegButtonsTest</h3><table class="result"><tr><th>Exception</th></tr><tr><td><div class="stacktrace">java.lang.AssertionError: expected [0] but found [3]
	at tests.review.ReviewTest.pictureRegButtonsTest(ReviewTest.java:88)
	at java.base/java.util.ArrayList.forEach(ArrayList.java:1541)
... Removed 38 stack frames</div></td></tr></table><p class="totop"><a href="#summary">back to summary</a></p>
<h3 id="m8">tests.review.ReviewTest#visitSiteRegButtonTest</h3><table class="result"><tr><th>Exception</th></tr><tr><td><div class="stacktrace">java.lang.AssertionError: expected [true] but found [false]
	at tests.review.ReviewTest.visitSiteRegButtonTest(ReviewTest.java:72)
	at java.base/java.util.ArrayList.forEach(ArrayList.java:1541)
... Removed 36 stack frames</div></td></tr></table><p class="totop"><a href="#summary">back to summary</a></p>
<h3 id="m9">tests.reviewCategory.ReviewCategoryTest#visitSiteRegButtonTest</h3><table class="result"><tr><th>Exception</th></tr><tr><td><div class="stacktrace">java.lang.AssertionError: expected [0] but found [24]
	at tests.reviewCategory.ReviewCategoryTest.visitSiteRegButtonTest(ReviewCategoryTest.java:95)
	at java.base/java.util.ArrayList.forEach(ArrayList.java:1541)
... Removed 38 stack frames</div></td></tr></table><p class="totop"><a href="#summary">back to summary</a></p>
<h3 id="m10">tests.sugarDaddies.SugarDaddiesTest#addProfilesRegButtonTest</h3><table class="result"><tr><th>Exception</th></tr><tr><td><div class="stacktrace">java.lang.AssertionError: expected [true] but found [false]
	at tests.sugarDaddies.SugarDaddiesTest.addProfilesRegButtonTest(SugarDaddiesTest.java:131)
	at java.base/java.util.ArrayList.forEach(ArrayList.java:1541)
... Removed 36 stack frames</div></td></tr></table><p class="totop"><a href="#summary">back to summary</a></p>
<h3 id="m11">tests.localHookup.LocalHookupTest#clearCookiesAndExit</h3><table class="result"><tr><th class="invisible"/></tr></table><p class="totop"><a href="#summary">back to summary</a></p>
<h3 id="m12">tests.localHookup.LocalHookupTest#clearCookiesAndExit</h3><table class="result"><tr><th class="invisible"/></tr></table><p class="totop"><a href="#summary">back to summary</a></p>
<h3 id="m13">tests.localHookup.LocalHookupTest#clearCookiesAndExit</h3><table class="result"><tr><th class="invisible"/></tr></table><p class="totop"><a href="#summary">back to summary</a></p>
<h3 id="m14">tests.localHookup.LocalHookupTest#clearCookiesAndExit</h3><table class="result"><tr><th class="invisible"/></tr></table><p class="totop"><a href="#summary">back to summary</a></p>
<h3 id="m15">tests.localHookup.LocalHookupTest#clearCookiesAndExit</h3><table class="result"><tr><th class="invisible"/></tr></table><p class="totop"><a href="#summary">back to summary</a></p>
<h3 id="m16">tests.localHookup.LocalHookupTest#clearCookiesAndExit</h3><table class="result"><tr><th class="invisible"/></tr></table><p class="totop"><a href="#summary">back to summary</a></p>
<h3 id="m17">tests.localHookup.LocalHookupTest#clearCookiesAndExit</h3><table class="result"><tr><th class="invisible"/></tr></table><p class="totop"><a href="#summary">back to summary</a></p>
<h3 id="m18">tests.localHookup.LocalHookupTest#setUp</h3><table class="result"><tr><th class="invisible"/></tr></table><p class="totop"><a href="#summary">back to summary</a></p>
<h3 id="m19">tests.localHookup.LocalHookupTest#setUp</h3><table class="result"><tr><th class="invisible"/></tr></table><p class="totop"><a href="#summary">back to summary</a></p>
<h3 id="m20">tests.localHookup.LocalHookupTest#setUp</h3><table class="result"><tr><th class="invisible"/></tr></table><p class="totop"><a href="#summary">back to summary</a></p>
<h3 id="m21">tests.localHookup.LocalHookupTest#setUp</h3><table class="result"><tr><th class="invisible"/></tr></table><p class="totop"><a href="#summary">back to summary</a></p>
<h3 id="m22">tests.localHookup.LocalHookupTest#setUp</h3><table class="result"><tr><th class="invisible"/></tr></table><p class="totop"><a href="#summary">back to summary</a></p>
<h3 id="m23">tests.localHookup.LocalHookupTest#setUp</h3><table class="result"><tr><th class="invisible"/></tr></table><p class="totop"><a href="#summary">back to summary</a></p>
<h3 id="m24">tests.localHookup.LocalHookupTest#setUp</h3><table class="result"><tr><th class="invisible"/></tr></table><p class="totop"><a href="#summary">back to summary</a></p>
<h3 id="m25">tests.main.MainTest#clearCookiesAndExit</h3><table class="result"><tr><th class="invisible"/></tr></table><p class="totop"><a href="#summary">back to summary</a></p>
<h3 id="m26">tests.main.MainTest#clearCookiesAndExit</h3><table class="result"><tr><th class="invisible"/></tr></table><p class="totop"><a href="#summary">back to summary</a></p>
<h3 id="m27">tests.main.MainTest#clearCookiesAndExit</h3><table class="result"><tr><th class="invisible"/></tr></table><p class="totop"><a href="#summary">back to summary</a></p>
<h3 id="m28">tests.main.MainTest#clearCookiesAndExit</h3><table class="result"><tr><th class="invisible"/></tr></table><p class="totop"><a href="#summary">back to summary</a></p>
<h3 id="m29">tests.main.MainTest#setUp</h3><table class="result"><tr><th class="invisible"/></tr></table><p class="totop"><a href="#summary">back to summary</a></p>
<h3 id="m30">tests.main.MainTest#setUp</h3><table class="result"><tr><th class="invisible"/></tr></table><p class="totop"><a href="#summary">back to summary</a></p>
<h3 id="m31">tests.main.MainTest#setUp</h3><table class="result"><tr><th class="invisible"/></tr></table><p class="totop"><a href="#summary">back to summary</a></p>
<h3 id="m32">tests.main.MainTest#setUp</h3><table class="result"><tr><th class="invisible"/></tr></table><p class="totop"><a href="#summary">back to summary</a></p>
<h3 id="m33">tests.sugarDaddies.SugarDaddiesTest#clearCookiesAndExit</h3><table class="result"><tr><th class="invisible"/></tr></table><p class="totop"><a href="#summary">back to summary</a></p>
<h3 id="m34">tests.sugarDaddies.SugarDaddiesTest#clearCookiesAndExit</h3><table class="result"><tr><th class="invisible"/></tr></table><p class="totop"><a href="#summary">back to summary</a></p>
<h3 id="m35">tests.sugarDaddies.SugarDaddiesTest#clearCookiesAndExit</h3><table class="result"><tr><th class="invisible"/></tr></table><p class="totop"><a href="#summary">back to summary</a></p>
<h3 id="m36">tests.sugarDaddies.SugarDaddiesTest#clearCookiesAndExit</h3><table class="result"><tr><th class="invisible"/></tr></table><p class="totop"><a href="#summary">back to summary</a></p>
<h3 id="m37">tests.sugarDaddies.SugarDaddiesTest#clearCookiesAndExit</h3><table class="result"><tr><th class="invisible"/></tr></table><p class="totop"><a href="#summary">back to summary</a></p>
<h3 id="m38">tests.sugarDaddies.SugarDaddiesTest#clearCookiesAndExit</h3><table class="result"><tr><th class="invisible"/></tr></table><p class="totop"><a href="#summary">back to summary</a></p>
<h3 id="m39">tests.sugarDaddies.SugarDaddiesTest#clearCookiesAndExit</h3><table class="result"><tr><th class="invisible"/></tr></table><p class="totop"><a href="#summary">back to summary</a></p>
<h3 id="m40">tests.sugarDaddies.SugarDaddiesTest#clearCookiesAndExit</h3><table class="result"><tr><th class="invisible"/></tr></table><p class="totop"><a href="#summary">back to summary</a></p>
<h3 id="m41">tests.sugarDaddies.SugarDaddiesTest#clearCookiesAndExit</h3><table class="result"><tr><th class="invisible"/></tr></table><p class="totop"><a href="#summary">back to summary</a></p>
<h3 id="m42">tests.sugarDaddies.SugarDaddiesTest#clearCookiesAndExit</h3><table class="result"><tr><th class="invisible"/></tr></table><p class="totop"><a href="#summary">back to summary</a></p>
<h3 id="m43">tests.sugarDaddies.SugarDaddiesTest#clearCookiesAndExit</h3><table class="result"><tr><th class="invisible"/></tr></table><p class="totop"><a href="#summary">back to summary</a></p>
<h3 id="m44">tests.sugarDaddies.SugarDaddiesTest#setUp</h3><table class="result"><tr><th class="invisible"/></tr></table><p class="totop"><a href="#summary">back to summary</a></p>
<h3 id="m45">tests.sugarDaddies.SugarDaddiesTest#setUp</h3><table class="result"><tr><th class="invisible"/></tr></table><p class="totop"><a href="#summary">back to summary</a></p>
<h3 id="m46">tests.sugarDaddies.SugarDaddiesTest#setUp</h3><table class="result"><tr><th class="invisible"/></tr></table><p class="totop"><a href="#summary">back to summary</a></p>
<h3 id="m47">tests.sugarDaddies.SugarDaddiesTest#setUp</h3><table class="result"><tr><th class="invisible"/></tr></table><p class="totop"><a href="#summary">back to summary</a></p>
<h3 id="m48">tests.sugarDaddies.SugarDaddiesTest#setUp</h3><table class="result"><tr><th class="invisible"/></tr></table><p class="totop"><a href="#summary">back to summary</a></p>
<h3 id="m49">tests.sugarDaddies.SugarDaddiesTest#setUp</h3><table class="result"><tr><th class="invisible"/></tr></table><p class="totop"><a href="#summary">back to summary</a></p>
<h3 id="m50">tests.sugarDaddies.SugarDaddiesTest#setUp</h3><table class="result"><tr><th class="invisible"/></tr></table><p class="totop"><a href="#summary">back to summary</a></p>
<h3 id="m51">tests.sugarDaddies.SugarDaddiesTest#setUp</h3><table class="result"><tr><th class="invisible"/></tr></table><p class="totop"><a href="#summary">back to summary</a></p>
<h3 id="m52">tests.sugarDaddies.SugarDaddiesTest#setUp</h3><table class="result"><tr><th class="invisible"/></tr></table><p class="totop"><a href="#summary">back to summary</a></p>
<h3 id="m53">tests.sugarDaddies.SugarDaddiesTest#setUp</h3><table class="result"><tr><th class="invisible"/></tr></table><p class="totop"><a href="#summary">back to summary</a></p>
<h3 id="m54">tests.sugarDaddies.SugarDaddiesTest#setUp</h3><table class="result"><tr><th class="invisible"/></tr></table><p class="totop"><a href="#summary">back to summary</a></p>
<h3 id="m55">tests.localHookup.LocalHookupTest#loadMoreButtonTest</h3><table class="result"><tr><th>Exception</th></tr><tr><td><div class="stacktrace">org.openqa.selenium.WebDriverException: &lt;unknown&gt;: Failed to read the &apos;sessionStorage&apos; property from &apos;Window&apos;: Access is denied for this document.
  (Session info: chrome=104.0.5112.82)
Build info: version: &apos;4.1.4&apos;, revision: &apos;535d840ee2&apos;
System info: host: &apos;IGOR&apos;, ip: &apos;192.168.0.106&apos;, os.name: &apos;Windows 10&apos;, os.arch: &apos;amd64&apos;, os.version: &apos;10.0&apos;, java.version: &apos;11.0.15.1&apos;
Driver info: org.openqa.selenium.chrome.ChromeDriver
Command: [416825e23f805af5a95591d18447406f, executeScript {script=window.sessionStorage.clear(), args=[]}]
Capabilities {acceptInsecureCerts: false, browserName: chrome, browserVersion: 104.0.5112.82, chrome: {chromedriverVersion: 104.0.5112.79 (3cf3e8c8a07d..., userDataDir: C:\Users\GYROCO~1\AppData\L...}, goog:chromeOptions: {debuggerAddress: localhost:56010}, javascriptEnabled: true, networkConnectionEnabled: false, pageLoadStrategy: normal, platform: WINDOWS, platformName: WINDOWS, proxy: Proxy(), se:cdp: ws://localhost:56010/devtoo..., se:cdpVersion: 104.0.5112.82, setWindowRect: true, strictFileInteractability: false, timeouts: {implicit: 0, pageLoad: 300000, script: 30000}, unhandledPromptBehavior: dismiss and notify, webauthn:extension:credBlob: true, webauthn:extension:largeBlob: true, webauthn:virtualAuthenticators: true}
Session ID: 416825e23f805af5a95591d18447406f
	at org.openqa.selenium.remote.codec.w3c.W3CHttpResponseCodec.createException(W3CHttpResponseCodec.java:200)
	at org.openqa.selenium.remote.codec.w3c.W3CHttpResponseCodec.decode(W3CHttpResponseCodec.java:133)
	at org.openqa.selenium.remote.codec.w3c.W3CHttpResponseCodec.decode(W3CHttpResponseCodec.java:53)
	at org.openqa.selenium.remote.HttpCommandExecutor.execute(HttpCommandExecutor.java:184)
	at org.openqa.selenium.remote.service.DriverCommandExecutor.invokeExecute(DriverCommandExecutor.java:167)
	at org.openqa.selenium.remote.service.DriverCommandExecutor.execute(DriverCommandExecutor.java:142)
	at org.openqa.selenium.remote.RemoteWebDriver.execute(RemoteWebDriver.java:567)
	at org.openqa.selenium.remote.RemoteWebDriver.executeScript(RemoteWebDriver.java:501)
	at pages.base.BasePage.clearCookiesAndLocalStorageAndClose(BasePage.java:40)
	at tests.base.BaseTest.clearCookiesAndExit(BaseTest.java:80)
	at java.base/java.util.ArrayList.forEach(ArrayList.java:1541)
... Removed 40 stack frames</div></td></tr></table><p class="totop"><a href="#summary">back to summary</a></p>
<h3 id="m56">tests.localHookup.LocalHookupTest#loadMoreReviewButtonTest</h3><table class="result"><tr><th>Exception</th></tr><tr><td><div class="stacktrace">org.openqa.selenium.WebDriverException: &lt;unknown&gt;: Failed to read the &apos;sessionStorage&apos; property from &apos;Window&apos;: Access is denied for this document.
  (Session info: chrome=104.0.5112.82)
Build info: version: &apos;4.1.4&apos;, revision: &apos;535d840ee2&apos;
System info: host: &apos;IGOR&apos;, ip: &apos;192.168.0.106&apos;, os.name: &apos;Windows 10&apos;, os.arch: &apos;amd64&apos;, os.version: &apos;10.0&apos;, java.version: &apos;11.0.15.1&apos;
Driver info: org.openqa.selenium.chrome.ChromeDriver
Command: [416825e23f805af5a95591d18447406f, executeScript {script=window.sessionStorage.clear(), args=[]}]
Capabilities {acceptInsecureCerts: false, browserName: chrome, browserVersion: 104.0.5112.82, chrome: {chromedriverVersion: 104.0.5112.79 (3cf3e8c8a07d..., userDataDir: C:\Users\GYROCO~1\AppData\L...}, goog:chromeOptions: {debuggerAddress: localhost:56010}, javascriptEnabled: true, networkConnectionEnabled: false, pageLoadStrategy: normal, platform: WINDOWS, platformName: WINDOWS, proxy: Proxy(), se:cdp: ws://localhost:56010/devtoo..., se:cdpVersion: 104.0.5112.82, setWindowRect: true, strictFileInteractability: false, timeouts: {implicit: 0, pageLoad: 300000, script: 30000}, unhandledPromptBehavior: dismiss and notify, webauthn:extension:credBlob: true, webauthn:extension:largeBlob: true, webauthn:virtualAuthenticators: true}
Session ID: 416825e23f805af5a95591d18447406f
	at org.openqa.selenium.remote.codec.w3c.W3CHttpResponseCodec.createException(W3CHttpResponseCodec.java:200)
	at org.openqa.selenium.remote.codec.w3c.W3CHttpResponseCodec.decode(W3CHttpResponseCodec.java:133)
	at org.openqa.selenium.remote.codec.w3c.W3CHttpResponseCodec.decode(W3CHttpResponseCodec.java:53)
	at org.openqa.selenium.remote.HttpCommandExecutor.execute(HttpCommandExecutor.java:184)
	at org.openqa.selenium.remote.service.DriverCommandExecutor.invokeExecute(DriverCommandExecutor.java:167)
	at org.openqa.selenium.remote.service.DriverCommandExecutor.execute(DriverCommandExecutor.java:142)
	at org.openqa.selenium.remote.RemoteWebDriver.execute(RemoteWebDriver.java:567)
	at org.openqa.selenium.remote.RemoteWebDriver.executeScript(RemoteWebDriver.java:501)
	at pages.base.BasePage.clearCookiesAndLocalStorageAndClose(BasePage.java:40)
	at tests.base.BaseTest.clearCookiesAndExit(BaseTest.java:80)
	at java.base/java.util.ArrayList.forEach(ArrayList.java:1541)
... Removed 40 stack frames</div></td></tr></table><p class="totop"><a href="#summary">back to summary</a></p>
<h3 id="m57">tests.localHookup.LocalHookupTest#mainLogoLinkTest</h3><table class="result"><tr><th>Exception</th></tr><tr><td><div class="stacktrace">org.openqa.selenium.WebDriverException: &lt;unknown&gt;: Failed to read the &apos;sessionStorage&apos; property from &apos;Window&apos;: Access is denied for this document.
  (Session info: chrome=104.0.5112.82)
Build info: version: &apos;4.1.4&apos;, revision: &apos;535d840ee2&apos;
System info: host: &apos;IGOR&apos;, ip: &apos;192.168.0.106&apos;, os.name: &apos;Windows 10&apos;, os.arch: &apos;amd64&apos;, os.version: &apos;10.0&apos;, java.version: &apos;11.0.15.1&apos;
Driver info: org.openqa.selenium.chrome.ChromeDriver
Command: [416825e23f805af5a95591d18447406f, executeScript {script=window.sessionStorage.clear(), args=[]}]
Capabilities {acceptInsecureCerts: false, browserName: chrome, browserVersion: 104.0.5112.82, chrome: {chromedriverVersion: 104.0.5112.79 (3cf3e8c8a07d..., userDataDir: C:\Users\GYROCO~1\AppData\L...}, goog:chromeOptions: {debuggerAddress: localhost:56010}, javascriptEnabled: true, networkConnectionEnabled: false, pageLoadStrategy: normal, platform: WINDOWS, platformName: WINDOWS, proxy: Proxy(), se:cdp: ws://localhost:56010/devtoo..., se:cdpVersion: 104.0.5112.82, setWindowRect: true, strictFileInteractability: false, timeouts: {implicit: 0, pageLoad: 300000, script: 30000}, unhandledPromptBehavior: dismiss and notify, webauthn:extension:credBlob: true, webauthn:extension:largeBlob: true, webauthn:virtualAuthenticators: true}
Session ID: 416825e23f805af5a95591d18447406f
	at org.openqa.selenium.remote.codec.w3c.W3CHttpResponseCodec.createException(W3CHttpResponseCodec.java:200)
	at org.openqa.selenium.remote.codec.w3c.W3CHttpResponseCodec.decode(W3CHttpResponseCodec.java:133)
	at org.openqa.selenium.remote.codec.w3c.W3CHttpResponseCodec.decode(W3CHttpResponseCodec.java:53)
	at org.openqa.selenium.remote.HttpCommandExecutor.execute(HttpCommandExecutor.java:184)
	at org.openqa.selenium.remote.service.DriverCommandExecutor.invokeExecute(DriverCommandExecutor.java:167)
	at org.openqa.selenium.remote.service.DriverCommandExecutor.execute(DriverCommandExecutor.java:142)
	at org.openqa.selenium.remote.RemoteWebDriver.execute(RemoteWebDriver.java:567)
	at org.openqa.selenium.remote.RemoteWebDriver.executeScript(RemoteWebDriver.java:501)
	at pages.base.BasePage.clearCookiesAndLocalStorageAndClose(BasePage.java:40)
	at tests.base.BaseTest.clearCookiesAndExit(BaseTest.java:80)
	at java.base/java.util.ArrayList.forEach(ArrayList.java:1541)
... Removed 40 stack frames</div></td></tr></table><p class="totop"><a href="#summary">back to summary</a></p>
<h3 id="m58">tests.localHookup.LocalHookupTest#readFullReviewButtonTest</h3><table class="result"><tr><th>Exception</th></tr><tr><td><div class="stacktrace">org.openqa.selenium.WebDriverException: &lt;unknown&gt;: Failed to read the &apos;sessionStorage&apos; property from &apos;Window&apos;: Access is denied for this document.
  (Session info: chrome=104.0.5112.82)
Build info: version: &apos;4.1.4&apos;, revision: &apos;535d840ee2&apos;
System info: host: &apos;IGOR&apos;, ip: &apos;192.168.0.106&apos;, os.name: &apos;Windows 10&apos;, os.arch: &apos;amd64&apos;, os.version: &apos;10.0&apos;, java.version: &apos;11.0.15.1&apos;
Driver info: org.openqa.selenium.chrome.ChromeDriver
Command: [416825e23f805af5a95591d18447406f, executeScript {script=window.sessionStorage.clear(), args=[]}]
Capabilities {acceptInsecureCerts: false, browserName: chrome, browserVersion: 104.0.5112.82, chrome: {chromedriverVersion: 104.0.5112.79 (3cf3e8c8a07d..., userDataDir: C:\Users\GYROCO~1\AppData\L...}, goog:chromeOptions: {debuggerAddress: localhost:56010}, javascriptEnabled: true, networkConnectionEnabled: false, pageLoadStrategy: normal, platform: WINDOWS, platformName: WINDOWS, proxy: Proxy(), se:cdp: ws://localhost:56010/devtoo..., se:cdpVersion: 104.0.5112.82, setWindowRect: true, strictFileInteractability: false, timeouts: {implicit: 0, pageLoad: 300000, script: 30000}, unhandledPromptBehavior: dismiss and notify, webauthn:extension:credBlob: true, webauthn:extension:largeBlob: true, webauthn:virtualAuthenticators: true}
Session ID: 416825e23f805af5a95591d18447406f
	at org.openqa.selenium.remote.codec.w3c.W3CHttpResponseCodec.createException(W3CHttpResponseCodec.java:200)
	at org.openqa.selenium.remote.codec.w3c.W3CHttpResponseCodec.decode(W3CHttpResponseCodec.java:133)
	at org.openqa.selenium.remote.codec.w3c.W3CHttpResponseCodec.decode(W3CHttpResponseCodec.java:53)
	at org.openqa.selenium.remote.HttpCommandExecutor.execute(HttpCommandExecutor.java:184)
	at org.openqa.selenium.remote.service.DriverCommandExecutor.invokeExecute(DriverCommandExecutor.java:167)
	at org.openqa.selenium.remote.service.DriverCommandExecutor.execute(DriverCommandExecutor.java:142)
	at org.openqa.selenium.remote.RemoteWebDriver.execute(RemoteWebDriver.java:567)
	at org.openqa.selenium.remote.RemoteWebDriver.executeScript(RemoteWebDriver.java:501)
	at pages.base.BasePage.clearCookiesAndLocalStorageAndClose(BasePage.java:40)
	at tests.base.BaseTest.clearCookiesAndExit(BaseTest.java:80)
	at java.base/java.util.ArrayList.forEach(ArrayList.java:1541)
... Removed 40 stack frames</div></td></tr></table><p class="totop"><a href="#summary">back to summary</a></p>
<h3 id="m59">tests.localHookup.LocalHookupTest#readReviewButtonTest</h3><table class="result"><tr><th>Exception</th></tr><tr><td><div class="stacktrace">org.openqa.selenium.WebDriverException: &lt;unknown&gt;: Failed to read the &apos;sessionStorage&apos; property from &apos;Window&apos;: Access is denied for this document.
  (Session info: chrome=104.0.5112.82)
Build info: version: &apos;4.1.4&apos;, revision: &apos;535d840ee2&apos;
System info: host: &apos;IGOR&apos;, ip: &apos;192.168.0.106&apos;, os.name: &apos;Windows 10&apos;, os.arch: &apos;amd64&apos;, os.version: &apos;10.0&apos;, java.version: &apos;11.0.15.1&apos;
Driver info: org.openqa.selenium.chrome.ChromeDriver
Command: [416825e23f805af5a95591d18447406f, executeScript {script=window.sessionStorage.clear(), args=[]}]
Capabilities {acceptInsecureCerts: false, browserName: chrome, browserVersion: 104.0.5112.82, chrome: {chromedriverVersion: 104.0.5112.79 (3cf3e8c8a07d..., userDataDir: C:\Users\GYROCO~1\AppData\L...}, goog:chromeOptions: {debuggerAddress: localhost:56010}, javascriptEnabled: true, networkConnectionEnabled: false, pageLoadStrategy: normal, platform: WINDOWS, platformName: WINDOWS, proxy: Proxy(), se:cdp: ws://localhost:56010/devtoo..., se:cdpVersion: 104.0.5112.82, setWindowRect: true, strictFileInteractability: false, timeouts: {implicit: 0, pageLoad: 300000, script: 30000}, unhandledPromptBehavior: dismiss and notify, webauthn:extension:credBlob: true, webauthn:extension:largeBlob: true, webauthn:virtualAuthenticators: true}
Session ID: 416825e23f805af5a95591d18447406f
	at org.openqa.selenium.remote.codec.w3c.W3CHttpResponseCodec.createException(W3CHttpResponseCodec.java:200)
	at org.openqa.selenium.remote.codec.w3c.W3CHttpResponseCodec.decode(W3CHttpResponseCodec.java:133)
	at org.openqa.selenium.remote.codec.w3c.W3CHttpResponseCodec.decode(W3CHttpResponseCodec.java:53)
	at org.openqa.selenium.remote.HttpCommandExecutor.execute(HttpCommandExecutor.java:184)
	at org.openqa.selenium.remote.service.DriverCommandExecutor.invokeExecute(DriverCommandExecutor.java:167)
	at org.openqa.selenium.remote.service.DriverCommandExecutor.execute(DriverCommandExecutor.java:142)
	at org.openqa.selenium.remote.RemoteWebDriver.execute(RemoteWebDriver.java:567)
	at org.openqa.selenium.remote.RemoteWebDriver.executeScript(RemoteWebDriver.java:501)
	at pages.base.BasePage.clearCookiesAndLocalStorageAndClose(BasePage.java:40)
	at tests.base.BaseTest.clearCookiesAndExit(BaseTest.java:80)
	at java.base/java.util.ArrayList.forEach(ArrayList.java:1541)
... Removed 40 stack frames</div></td></tr></table><p class="totop"><a href="#summary">back to summary</a></p>
<h3 id="m60">tests.localHookup.LocalHookupTest#visitSiteButtonTest</h3><table class="result"><tr><th>Exception</th></tr><tr><td><div class="stacktrace">org.openqa.selenium.WebDriverException: &lt;unknown&gt;: Failed to read the &apos;sessionStorage&apos; property from &apos;Window&apos;: Access is denied for this document.
  (Session info: chrome=104.0.5112.82)
Build info: version: &apos;4.1.4&apos;, revision: &apos;535d840ee2&apos;
System info: host: &apos;IGOR&apos;, ip: &apos;192.168.0.106&apos;, os.name: &apos;Windows 10&apos;, os.arch: &apos;amd64&apos;, os.version: &apos;10.0&apos;, java.version: &apos;11.0.15.1&apos;
Driver info: org.openqa.selenium.chrome.ChromeDriver
Command: [416825e23f805af5a95591d18447406f, executeScript {script=window.sessionStorage.clear(), args=[]}]
Capabilities {acceptInsecureCerts: false, browserName: chrome, browserVersion: 104.0.5112.82, chrome: {chromedriverVersion: 104.0.5112.79 (3cf3e8c8a07d..., userDataDir: C:\Users\GYROCO~1\AppData\L...}, goog:chromeOptions: {debuggerAddress: localhost:56010}, javascriptEnabled: true, networkConnectionEnabled: false, pageLoadStrategy: normal, platform: WINDOWS, platformName: WINDOWS, proxy: Proxy(), se:cdp: ws://localhost:56010/devtoo..., se:cdpVersion: 104.0.5112.82, setWindowRect: true, strictFileInteractability: false, timeouts: {implicit: 0, pageLoad: 300000, script: 30000}, unhandledPromptBehavior: dismiss and notify, webauthn:extension:credBlob: true, webauthn:extension:largeBlob: true, webauthn:virtualAuthenticators: true}
Session ID: 416825e23f805af5a95591d18447406f
	at org.openqa.selenium.remote.codec.w3c.W3CHttpResponseCodec.createException(W3CHttpResponseCodec.java:200)
	at org.openqa.selenium.remote.codec.w3c.W3CHttpResponseCodec.decode(W3CHttpResponseCodec.java:133)
	at org.openqa.selenium.remote.codec.w3c.W3CHttpResponseCodec.decode(W3CHttpResponseCodec.java:53)
	at org.openqa.selenium.remote.HttpCommandExecutor.execute(HttpCommandExecutor.java:184)
	at org.openqa.selenium.remote.service.DriverCommandExecutor.invokeExecute(DriverCommandExecutor.java:167)
	at org.openqa.selenium.remote.service.DriverCommandExecutor.execute(DriverCommandExecutor.java:142)
	at org.openqa.selenium.remote.RemoteWebDriver.execute(RemoteWebDriver.java:567)
	at org.openqa.selenium.remote.RemoteWebDriver.executeScript(RemoteWebDriver.java:501)
	at pages.base.BasePage.clearCookiesAndLocalStorageAndClose(BasePage.java:40)
	at tests.base.BaseTest.clearCookiesAndExit(BaseTest.java:80)
	at java.base/java.util.ArrayList.forEach(ArrayList.java:1541)
... Removed 40 stack frames</div></td></tr></table><p class="totop"><a href="#summary">back to summary</a></p>
<h3 id="m61">tests.localHookup.LocalHookupTest#visitSiteInTextButtonTest</h3><table class="result"><tr><th>Exception</th></tr><tr><td><div class="stacktrace">org.openqa.selenium.WebDriverException: &lt;unknown&gt;: Failed to read the &apos;sessionStorage&apos; property from &apos;Window&apos;: Access is denied for this document.
  (Session info: chrome=104.0.5112.82)
Build info: version: &apos;4.1.4&apos;, revision: &apos;535d840ee2&apos;
System info: host: &apos;IGOR&apos;, ip: &apos;192.168.0.106&apos;, os.name: &apos;Windows 10&apos;, os.arch: &apos;amd64&apos;, os.version: &apos;10.0&apos;, java.version: &apos;11.0.15.1&apos;
Driver info: org.openqa.selenium.chrome.ChromeDriver
Command: [416825e23f805af5a95591d18447406f, executeScript {script=window.sessionStorage.clear(), args=[]}]
Capabilities {acceptInsecureCerts: false, browserName: chrome, browserVersion: 104.0.5112.82, chrome: {chromedriverVersion: 104.0.5112.79 (3cf3e8c8a07d..., userDataDir: C:\Users\GYROCO~1\AppData\L...}, goog:chromeOptions: {debuggerAddress: localhost:56010}, javascriptEnabled: true, networkConnectionEnabled: false, pageLoadStrategy: normal, platform: WINDOWS, platformName: WINDOWS, proxy: Proxy(), se:cdp: ws://localhost:56010/devtoo..., se:cdpVersion: 104.0.5112.82, setWindowRect: true, strictFileInteractability: false, timeouts: {implicit: 0, pageLoad: 300000, script: 30000}, unhandledPromptBehavior: dismiss and notify, webauthn:extension:credBlob: true, webauthn:extension:largeBlob: true, webauthn:virtualAuthenticators: true}
Session ID: 416825e23f805af5a95591d18447406f
	at org.openqa.selenium.remote.codec.w3c.W3CHttpResponseCodec.createException(W3CHttpResponseCodec.java:200)
	at org.openqa.selenium.remote.codec.w3c.W3CHttpResponseCodec.decode(W3CHttpResponseCodec.java:133)
	at org.openqa.selenium.remote.codec.w3c.W3CHttpResponseCodec.decode(W3CHttpResponseCodec.java:53)
	at org.openqa.selenium.remote.HttpCommandExecutor.execute(HttpCommandExecutor.java:184)
	at org.openqa.selenium.remote.service.DriverCommandExecutor.invokeExecute(DriverCommandExecutor.java:167)
	at org.openqa.selenium.remote.service.DriverCommandExecutor.execute(DriverCommandExecutor.java:142)
	at org.openqa.selenium.remote.RemoteWebDriver.execute(RemoteWebDriver.java:567)
	at org.openqa.selenium.remote.RemoteWebDriver.executeScript(RemoteWebDriver.java:501)
	at pages.base.BasePage.clearCookiesAndLocalStorageAndClose(BasePage.java:40)
	at tests.base.BaseTest.clearCookiesAndExit(BaseTest.java:80)
	at java.base/java.util.ArrayList.forEach(ArrayList.java:1541)
... Removed 40 stack frames</div></td></tr></table><p class="totop"><a href="#summary">back to summary</a></p>
<h3 id="m62">tests.main.MainTest#loadMoreButtonTest</h3><table class="result"><tr><th>Exception</th></tr><tr><td><div class="stacktrace">org.openqa.selenium.WebDriverException: &lt;unknown&gt;: Failed to read the &apos;sessionStorage&apos; property from &apos;Window&apos;: Access is denied for this document.
  (Session info: chrome=104.0.5112.82)
Build info: version: &apos;4.1.4&apos;, revision: &apos;535d840ee2&apos;
System info: host: &apos;IGOR&apos;, ip: &apos;192.168.0.106&apos;, os.name: &apos;Windows 10&apos;, os.arch: &apos;amd64&apos;, os.version: &apos;10.0&apos;, java.version: &apos;11.0.15.1&apos;
Driver info: org.openqa.selenium.chrome.ChromeDriver
Command: [0d9e1053b4bb223e43038a387afcf974, executeScript {script=window.sessionStorage.clear(), args=[]}]
Capabilities {acceptInsecureCerts: false, browserName: chrome, browserVersion: 104.0.5112.82, chrome: {chromedriverVersion: 104.0.5112.79 (3cf3e8c8a07d..., userDataDir: C:\Users\GYROCO~1\AppData\L...}, goog:chromeOptions: {debuggerAddress: localhost:57959}, javascriptEnabled: true, networkConnectionEnabled: false, pageLoadStrategy: normal, platform: WINDOWS, platformName: WINDOWS, proxy: Proxy(), se:cdp: ws://localhost:57959/devtoo..., se:cdpVersion: 104.0.5112.82, setWindowRect: true, strictFileInteractability: false, timeouts: {implicit: 0, pageLoad: 300000, script: 30000}, unhandledPromptBehavior: dismiss and notify, webauthn:extension:credBlob: true, webauthn:extension:largeBlob: true, webauthn:virtualAuthenticators: true}
Session ID: 0d9e1053b4bb223e43038a387afcf974
	at org.openqa.selenium.remote.codec.w3c.W3CHttpResponseCodec.createException(W3CHttpResponseCodec.java:200)
	at org.openqa.selenium.remote.codec.w3c.W3CHttpResponseCodec.decode(W3CHttpResponseCodec.java:133)
	at org.openqa.selenium.remote.codec.w3c.W3CHttpResponseCodec.decode(W3CHttpResponseCodec.java:53)
	at org.openqa.selenium.remote.HttpCommandExecutor.execute(HttpCommandExecutor.java:184)
	at org.openqa.selenium.remote.service.DriverCommandExecutor.invokeExecute(DriverCommandExecutor.java:167)
	at org.openqa.selenium.remote.service.DriverCommandExecutor.execute(DriverCommandExecutor.java:142)
	at org.openqa.selenium.remote.RemoteWebDriver.execute(RemoteWebDriver.java:567)
	at org.openqa.selenium.remote.RemoteWebDriver.executeScript(RemoteWebDriver.java:501)
	at pages.base.BasePage.clearCookiesAndLocalStorageAndClose(BasePage.java:40)
	at tests.base.BaseTest.clearCookiesAndExit(BaseTest.java:80)
	at java.base/java.util.ArrayList.forEach(ArrayList.java:1541)
... Removed 40 stack frames</div></td></tr></table><p class="totop"><a href="#summary">back to summary</a></p>
<h3 id="m63">tests.main.MainTest#mainLogoLinkTest</h3><table class="result"><tr><th>Exception</th></tr><tr><td><div class="stacktrace">org.openqa.selenium.WebDriverException: &lt;unknown&gt;: Failed to read the &apos;sessionStorage&apos; property from &apos;Window&apos;: Access is denied for this document.
  (Session info: chrome=104.0.5112.82)
Build info: version: &apos;4.1.4&apos;, revision: &apos;535d840ee2&apos;
System info: host: &apos;IGOR&apos;, ip: &apos;192.168.0.106&apos;, os.name: &apos;Windows 10&apos;, os.arch: &apos;amd64&apos;, os.version: &apos;10.0&apos;, java.version: &apos;11.0.15.1&apos;
Driver info: org.openqa.selenium.chrome.ChromeDriver
Command: [0d9e1053b4bb223e43038a387afcf974, executeScript {script=window.sessionStorage.clear(), args=[]}]
Capabilities {acceptInsecureCerts: false, browserName: chrome, browserVersion: 104.0.5112.82, chrome: {chromedriverVersion: 104.0.5112.79 (3cf3e8c8a07d..., userDataDir: C:\Users\GYROCO~1\AppData\L...}, goog:chromeOptions: {debuggerAddress: localhost:57959}, javascriptEnabled: true, networkConnectionEnabled: false, pageLoadStrategy: normal, platform: WINDOWS, platformName: WINDOWS, proxy: Proxy(), se:cdp: ws://localhost:57959/devtoo..., se:cdpVersion: 104.0.5112.82, setWindowRect: true, strictFileInteractability: false, timeouts: {implicit: 0, pageLoad: 300000, script: 30000}, unhandledPromptBehavior: dismiss and notify, webauthn:extension:credBlob: true, webauthn:extension:largeBlob: true, webauthn:virtualAuthenticators: true}
Session ID: 0d9e1053b4bb223e43038a387afcf974
	at org.openqa.selenium.remote.codec.w3c.W3CHttpResponseCodec.createException(W3CHttpResponseCodec.java:200)
	at org.openqa.selenium.remote.codec.w3c.W3CHttpResponseCodec.decode(W3CHttpResponseCodec.java:133)
	at org.openqa.selenium.remote.codec.w3c.W3CHttpResponseCodec.decode(W3CHttpResponseCodec.java:53)
	at org.openqa.selenium.remote.HttpCommandExecutor.execute(HttpCommandExecutor.java:184)
	at org.openqa.selenium.remote.service.DriverCommandExecutor.invokeExecute(DriverCommandExecutor.java:167)
	at org.openqa.selenium.remote.service.DriverCommandExecutor.execute(DriverCommandExecutor.java:142)
	at org.openqa.selenium.remote.RemoteWebDriver.execute(RemoteWebDriver.java:567)
	at org.openqa.selenium.remote.RemoteWebDriver.executeScript(RemoteWebDriver.java:501)
	at pages.base.BasePage.clearCookiesAndLocalStorageAndClose(BasePage.java:40)
	at tests.base.BaseTest.clearCookiesAndExit(BaseTest.java:80)
	at java.base/java.util.ArrayList.forEach(ArrayList.java:1541)
... Removed 40 stack frames</div></td></tr></table><p class="totop"><a href="#summary">back to summary</a></p>
<h3 id="m64">tests.main.MainTest#readArticleButtonTest</h3><table class="result"><tr><th>Exception</th></tr><tr><td><div class="stacktrace">org.openqa.selenium.WebDriverException: &lt;unknown&gt;: Failed to read the &apos;sessionStorage&apos; property from &apos;Window&apos;: Access is denied for this document.
  (Session info: chrome=104.0.5112.82)
Build info: version: &apos;4.1.4&apos;, revision: &apos;535d840ee2&apos;
System info: host: &apos;IGOR&apos;, ip: &apos;192.168.0.106&apos;, os.name: &apos;Windows 10&apos;, os.arch: &apos;amd64&apos;, os.version: &apos;10.0&apos;, java.version: &apos;11.0.15.1&apos;
Driver info: org.openqa.selenium.chrome.ChromeDriver
Command: [0d9e1053b4bb223e43038a387afcf974, executeScript {script=window.sessionStorage.clear(), args=[]}]
Capabilities {acceptInsecureCerts: false, browserName: chrome, browserVersion: 104.0.5112.82, chrome: {chromedriverVersion: 104.0.5112.79 (3cf3e8c8a07d..., userDataDir: C:\Users\GYROCO~1\AppData\L...}, goog:chromeOptions: {debuggerAddress: localhost:57959}, javascriptEnabled: true, networkConnectionEnabled: false, pageLoadStrategy: normal, platform: WINDOWS, platformName: WINDOWS, proxy: Proxy(), se:cdp: ws://localhost:57959/devtoo..., se:cdpVersion: 104.0.5112.82, setWindowRect: true, strictFileInteractability: false, timeouts: {implicit: 0, pageLoad: 300000, script: 30000}, unhandledPromptBehavior: dismiss and notify, webauthn:extension:credBlob: true, webauthn:extension:largeBlob: true, webauthn:virtualAuthenticators: true}
Session ID: 0d9e1053b4bb223e43038a387afcf974
	at org.openqa.selenium.remote.codec.w3c.W3CHttpResponseCodec.createException(W3CHttpResponseCodec.java:200)
	at org.openqa.selenium.remote.codec.w3c.W3CHttpResponseCodec.decode(W3CHttpResponseCodec.java:133)
	at org.openqa.selenium.remote.codec.w3c.W3CHttpResponseCodec.decode(W3CHttpResponseCodec.java:53)
	at org.openqa.selenium.remote.HttpCommandExecutor.execute(HttpCommandExecutor.java:184)
	at org.openqa.selenium.remote.service.DriverCommandExecutor.invokeExecute(DriverCommandExecutor.java:167)
	at org.openqa.selenium.remote.service.DriverCommandExecutor.execute(DriverCommandExecutor.java:142)
	at org.openqa.selenium.remote.RemoteWebDriver.execute(RemoteWebDriver.java:567)
	at org.openqa.selenium.remote.RemoteWebDriver.executeScript(RemoteWebDriver.java:501)
	at pages.base.BasePage.clearCookiesAndLocalStorageAndClose(BasePage.java:40)
	at tests.base.BaseTest.clearCookiesAndExit(BaseTest.java:80)
	at java.base/java.util.ArrayList.forEach(ArrayList.java:1541)
... Removed 40 stack frames</div></td></tr></table><p class="totop"><a href="#summary">back to summary</a></p>
<h3 id="m65">tests.main.MainTest#readReviewButtonTest</h3><table class="result"><tr><th>Exception</th></tr><tr><td><div class="stacktrace">org.openqa.selenium.WebDriverException: &lt;unknown&gt;: Failed to read the &apos;sessionStorage&apos; property from &apos;Window&apos;: Access is denied for this document.
  (Session info: chrome=104.0.5112.82)
Build info: version: &apos;4.1.4&apos;, revision: &apos;535d840ee2&apos;
System info: host: &apos;IGOR&apos;, ip: &apos;192.168.0.106&apos;, os.name: &apos;Windows 10&apos;, os.arch: &apos;amd64&apos;, os.version: &apos;10.0&apos;, java.version: &apos;11.0.15.1&apos;
Driver info: org.openqa.selenium.chrome.ChromeDriver
Command: [0d9e1053b4bb223e43038a387afcf974, executeScript {script=window.sessionStorage.clear(), args=[]}]
Capabilities {acceptInsecureCerts: false, browserName: chrome, browserVersion: 104.0.5112.82, chrome: {chromedriverVersion: 104.0.5112.79 (3cf3e8c8a07d..., userDataDir: C:\Users\GYROCO~1\AppData\L...}, goog:chromeOptions: {debuggerAddress: localhost:57959}, javascriptEnabled: true, networkConnectionEnabled: false, pageLoadStrategy: normal, platform: WINDOWS, platformName: WINDOWS, proxy: Proxy(), se:cdp: ws://localhost:57959/devtoo..., se:cdpVersion: 104.0.5112.82, setWindowRect: true, strictFileInteractability: false, timeouts: {implicit: 0, pageLoad: 300000, script: 30000}, unhandledPromptBehavior: dismiss and notify, webauthn:extension:credBlob: true, webauthn:extension:largeBlob: true, webauthn:virtualAuthenticators: true}
Session ID: 0d9e1053b4bb223e43038a387afcf974
	at org.openqa.selenium.remote.codec.w3c.W3CHttpResponseCodec.createException(W3CHttpResponseCodec.java:200)
	at org.openqa.selenium.remote.codec.w3c.W3CHttpResponseCodec.decode(W3CHttpResponseCodec.java:133)
	at org.openqa.selenium.remote.codec.w3c.W3CHttpResponseCodec.decode(W3CHttpResponseCodec.java:53)
	at org.openqa.selenium.remote.HttpCommandExecutor.execute(HttpCommandExecutor.java:184)
	at org.openqa.selenium.remote.service.DriverCommandExecutor.invokeExecute(DriverCommandExecutor.java:167)
	at org.openqa.selenium.remote.service.DriverCommandExecutor.execute(DriverCommandExecutor.java:142)
	at org.openqa.selenium.remote.RemoteWebDriver.execute(RemoteWebDriver.java:567)
	at org.openqa.selenium.remote.RemoteWebDriver.executeScript(RemoteWebDriver.java:501)
	at pages.base.BasePage.clearCookiesAndLocalStorageAndClose(BasePage.java:40)
	at tests.base.BaseTest.clearCookiesAndExit(BaseTest.java:80)
	at java.base/java.util.ArrayList.forEach(ArrayList.java:1541)
... Removed 40 stack frames</div></td></tr></table><p class="totop"><a href="#summary">back to summary</a></p>
<h3 id="m66">tests.sugarDaddies.SugarDaddiesTest#findSugarCityButtonTest</h3><table class="result"><tr><th>Exception</th></tr><tr><td><div class="stacktrace">org.openqa.selenium.WebDriverException: &lt;unknown&gt;: Failed to read the &apos;sessionStorage&apos; property from &apos;Window&apos;: Access is denied for this document.
  (Session info: chrome=104.0.5112.82)
Build info: version: &apos;4.1.4&apos;, revision: &apos;535d840ee2&apos;
System info: host: &apos;IGOR&apos;, ip: &apos;192.168.0.106&apos;, os.name: &apos;Windows 10&apos;, os.arch: &apos;amd64&apos;, os.version: &apos;10.0&apos;, java.version: &apos;11.0.15.1&apos;
Driver info: org.openqa.selenium.chrome.ChromeDriver
Command: [0ab8bc72d4fa9c0e700cab807a47dc7e, executeScript {script=window.sessionStorage.clear(), args=[]}]
Capabilities {acceptInsecureCerts: false, browserName: chrome, browserVersion: 104.0.5112.82, chrome: {chromedriverVersion: 104.0.5112.79 (3cf3e8c8a07d..., userDataDir: C:\Users\GYROCO~1\AppData\L...}, goog:chromeOptions: {debuggerAddress: localhost:62082}, javascriptEnabled: true, networkConnectionEnabled: false, pageLoadStrategy: normal, platform: WINDOWS, platformName: WINDOWS, proxy: Proxy(), se:cdp: ws://localhost:62082/devtoo..., se:cdpVersion: 104.0.5112.82, setWindowRect: true, strictFileInteractability: false, timeouts: {implicit: 0, pageLoad: 300000, script: 30000}, unhandledPromptBehavior: dismiss and notify, webauthn:extension:credBlob: true, webauthn:extension:largeBlob: true, webauthn:virtualAuthenticators: true}
Session ID: 0ab8bc72d4fa9c0e700cab807a47dc7e
	at org.openqa.selenium.remote.codec.w3c.W3CHttpResponseCodec.createException(W3CHttpResponseCodec.java:200)
	at org.openqa.selenium.remote.codec.w3c.W3CHttpResponseCodec.decode(W3CHttpResponseCodec.java:133)
	at org.openqa.selenium.remote.codec.w3c.W3CHttpResponseCodec.decode(W3CHttpResponseCodec.java:53)
	at org.openqa.selenium.remote.HttpCommandExecutor.execute(HttpCommandExecutor.java:184)
	at org.openqa.selenium.remote.service.DriverCommandExecutor.invokeExecute(DriverCommandExecutor.java:167)
	at org.openqa.selenium.remote.service.DriverCommandExecutor.execute(DriverCommandExecutor.java:142)
	at org.openqa.selenium.remote.RemoteWebDriver.execute(RemoteWebDriver.java:567)
	at org.openqa.selenium.remote.RemoteWebDriver.executeScript(RemoteWebDriver.java:501)
	at pages.base.BasePage.clearCookiesAndLocalStorageAndClose(BasePage.java:40)
	at tests.base.BaseTest.clearCookiesAndExit(BaseTest.java:80)
	at java.base/java.util.ArrayList.forEach(ArrayList.java:1541)
... Removed 40 stack frames</div></td></tr></table><p class="totop"><a href="#summary">back to summary</a></p>
<h3 id="m67">tests.sugarDaddies.SugarDaddiesTest#footerButtonsTest</h3><table class="result"><tr><th>Exception</th></tr><tr><td><div class="stacktrace">org.openqa.selenium.WebDriverException: &lt;unknown&gt;: Failed to read the &apos;sessionStorage&apos; property from &apos;Window&apos;: Access is denied for this document.
  (Session info: chrome=104.0.5112.82)
Build info: version: &apos;4.1.4&apos;, revision: &apos;535d840ee2&apos;
System info: host: &apos;IGOR&apos;, ip: &apos;192.168.0.106&apos;, os.name: &apos;Windows 10&apos;, os.arch: &apos;amd64&apos;, os.version: &apos;10.0&apos;, java.version: &apos;11.0.15.1&apos;
Driver info: org.openqa.selenium.chrome.ChromeDriver
Command: [0ab8bc72d4fa9c0e700cab807a47dc7e, executeScript {script=window.sessionStorage.clear(), args=[]}]
Capabilities {acceptInsecureCerts: false, browserName: chrome, browserVersion: 104.0.5112.82, chrome: {chromedriverVersion: 104.0.5112.79 (3cf3e8c8a07d..., userDataDir: C:\Users\GYROCO~1\AppData\L...}, goog:chromeOptions: {debuggerAddress: localhost:62082}, javascriptEnabled: true, networkConnectionEnabled: false, pageLoadStrategy: normal, platform: WINDOWS, platformName: WINDOWS, proxy: Proxy(), se:cdp: ws://localhost:62082/devtoo..., se:cdpVersion: 104.0.5112.82, setWindowRect: true, strictFileInteractability: false, timeouts: {implicit: 0, pageLoad: 300000, script: 30000}, unhandledPromptBehavior: dismiss and notify, webauthn:extension:credBlob: true, webauthn:extension:largeBlob: true, webauthn:virtualAuthenticators: true}
Session ID: 0ab8bc72d4fa9c0e700cab807a47dc7e
	at org.openqa.selenium.remote.codec.w3c.W3CHttpResponseCodec.createException(W3CHttpResponseCodec.java:200)
	at org.openqa.selenium.remote.codec.w3c.W3CHttpResponseCodec.decode(W3CHttpResponseCodec.java:133)
	at org.openqa.selenium.remote.codec.w3c.W3CHttpResponseCodec.decode(W3CHttpResponseCodec.java:53)
	at org.openqa.selenium.remote.HttpCommandExecutor.execute(HttpCommandExecutor.java:184)
	at org.openqa.selenium.remote.service.DriverCommandExecutor.invokeExecute(DriverCommandExecutor.java:167)
	at org.openqa.selenium.remote.service.DriverCommandExecutor.execute(DriverCommandExecutor.java:142)
	at org.openqa.selenium.remote.RemoteWebDriver.execute(RemoteWebDriver.java:567)
	at org.openqa.selenium.remote.RemoteWebDriver.executeScript(RemoteWebDriver.java:501)
	at pages.base.BasePage.clearCookiesAndLocalStorageAndClose(BasePage.java:40)
	at tests.base.BaseTest.clearCookiesAndExit(BaseTest.java:80)
	at java.base/java.util.ArrayList.forEach(ArrayList.java:1541)
... Removed 40 stack frames</div></td></tr></table><p class="totop"><a href="#summary">back to summary</a></p>
<h3 id="m68">tests.sugarDaddies.SugarDaddiesTest#headerButtonsTest</h3><table class="result"><tr><th>Exception</th></tr><tr><td><div class="stacktrace">org.openqa.selenium.WebDriverException: &lt;unknown&gt;: Failed to read the &apos;sessionStorage&apos; property from &apos;Window&apos;: Access is denied for this document.
  (Session info: chrome=104.0.5112.82)
Build info: version: &apos;4.1.4&apos;, revision: &apos;535d840ee2&apos;
System info: host: &apos;IGOR&apos;, ip: &apos;192.168.0.106&apos;, os.name: &apos;Windows 10&apos;, os.arch: &apos;amd64&apos;, os.version: &apos;10.0&apos;, java.version: &apos;11.0.15.1&apos;
Driver info: org.openqa.selenium.chrome.ChromeDriver
Command: [0ab8bc72d4fa9c0e700cab807a47dc7e, executeScript {script=window.sessionStorage.clear(), args=[]}]
Capabilities {acceptInsecureCerts: false, browserName: chrome, browserVersion: 104.0.5112.82, chrome: {chromedriverVersion: 104.0.5112.79 (3cf3e8c8a07d..., userDataDir: C:\Users\GYROCO~1\AppData\L...}, goog:chromeOptions: {debuggerAddress: localhost:62082}, javascriptEnabled: true, networkConnectionEnabled: false, pageLoadStrategy: normal, platform: WINDOWS, platformName: WINDOWS, proxy: Proxy(), se:cdp: ws://localhost:62082/devtoo..., se:cdpVersion: 104.0.5112.82, setWindowRect: true, strictFileInteractability: false, timeouts: {implicit: 0, pageLoad: 300000, script: 30000}, unhandledPromptBehavior: dismiss and notify, webauthn:extension:credBlob: true, webauthn:extension:largeBlob: true, webauthn:virtualAuthenticators: true}
Session ID: 0ab8bc72d4fa9c0e700cab807a47dc7e
	at org.openqa.selenium.remote.codec.w3c.W3CHttpResponseCodec.createException(W3CHttpResponseCodec.java:200)
	at org.openqa.selenium.remote.codec.w3c.W3CHttpResponseCodec.decode(W3CHttpResponseCodec.java:133)
	at org.openqa.selenium.remote.codec.w3c.W3CHttpResponseCodec.decode(W3CHttpResponseCodec.java:53)
	at org.openqa.selenium.remote.HttpCommandExecutor.execute(HttpCommandExecutor.java:184)
	at org.openqa.selenium.remote.service.DriverCommandExecutor.invokeExecute(DriverCommandExecutor.java:167)
	at org.openqa.selenium.remote.service.DriverCommandExecutor.execute(DriverCommandExecutor.java:142)
	at org.openqa.selenium.remote.RemoteWebDriver.execute(RemoteWebDriver.java:567)
	at org.openqa.selenium.remote.RemoteWebDriver.executeScript(RemoteWebDriver.java:501)
	at pages.base.BasePage.clearCookiesAndLocalStorageAndClose(BasePage.java:40)
	at tests.base.BaseTest.clearCookiesAndExit(BaseTest.java:80)
	at java.base/java.util.ArrayList.forEach(ArrayList.java:1541)
... Removed 40 stack frames</div></td></tr></table><p class="totop"><a href="#summary">back to summary</a></p>
<h3 id="m69">tests.sugarDaddies.SugarDaddiesTest#loadMoreRegButtonTest</h3><table class="result"><tr><th>Exception</th></tr><tr><td><div class="stacktrace">org.openqa.selenium.WebDriverException: &lt;unknown&gt;: Failed to read the &apos;sessionStorage&apos; property from &apos;Window&apos;: Access is denied for this document.
  (Session info: chrome=104.0.5112.82)
Build info: version: &apos;4.1.4&apos;, revision: &apos;535d840ee2&apos;
System info: host: &apos;IGOR&apos;, ip: &apos;192.168.0.106&apos;, os.name: &apos;Windows 10&apos;, os.arch: &apos;amd64&apos;, os.version: &apos;10.0&apos;, java.version: &apos;11.0.15.1&apos;
Driver info: org.openqa.selenium.chrome.ChromeDriver
Command: [0ab8bc72d4fa9c0e700cab807a47dc7e, executeScript {script=window.sessionStorage.clear(), args=[]}]
Capabilities {acceptInsecureCerts: false, browserName: chrome, browserVersion: 104.0.5112.82, chrome: {chromedriverVersion: 104.0.5112.79 (3cf3e8c8a07d..., userDataDir: C:\Users\GYROCO~1\AppData\L...}, goog:chromeOptions: {debuggerAddress: localhost:62082}, javascriptEnabled: true, networkConnectionEnabled: false, pageLoadStrategy: normal, platform: WINDOWS, platformName: WINDOWS, proxy: Proxy(), se:cdp: ws://localhost:62082/devtoo..., se:cdpVersion: 104.0.5112.82, setWindowRect: true, strictFileInteractability: false, timeouts: {implicit: 0, pageLoad: 300000, script: 30000}, unhandledPromptBehavior: dismiss and notify, webauthn:extension:credBlob: true, webauthn:extension:largeBlob: true, webauthn:virtualAuthenticators: true}
Session ID: 0ab8bc72d4fa9c0e700cab807a47dc7e
	at org.openqa.selenium.remote.codec.w3c.W3CHttpResponseCodec.createException(W3CHttpResponseCodec.java:200)
	at org.openqa.selenium.remote.codec.w3c.W3CHttpResponseCodec.decode(W3CHttpResponseCodec.java:133)
	at org.openqa.selenium.remote.codec.w3c.W3CHttpResponseCodec.decode(W3CHttpResponseCodec.java:53)
	at org.openqa.selenium.remote.HttpCommandExecutor.execute(HttpCommandExecutor.java:184)
	at org.openqa.selenium.remote.service.DriverCommandExecutor.invokeExecute(DriverCommandExecutor.java:167)
	at org.openqa.selenium.remote.service.DriverCommandExecutor.execute(DriverCommandExecutor.java:142)
	at org.openqa.selenium.remote.RemoteWebDriver.execute(RemoteWebDriver.java:567)
	at org.openqa.selenium.remote.RemoteWebDriver.executeScript(RemoteWebDriver.java:501)
	at pages.base.BasePage.clearCookiesAndLocalStorageAndClose(BasePage.java:40)
	at tests.base.BaseTest.clearCookiesAndExit(BaseTest.java:80)
	at java.base/java.util.ArrayList.forEach(ArrayList.java:1541)
... Removed 40 stack frames</div></td></tr></table><p class="totop"><a href="#summary">back to summary</a></p>
<h3 id="m70">tests.sugarDaddies.SugarDaddiesTest#mainLogoLinkTest</h3><table class="result"><tr><th>Exception</th></tr><tr><td><div class="stacktrace">org.openqa.selenium.WebDriverException: &lt;unknown&gt;: Failed to read the &apos;sessionStorage&apos; property from &apos;Window&apos;: Access is denied for this document.
  (Session info: chrome=104.0.5112.82)
Build info: version: &apos;4.1.4&apos;, revision: &apos;535d840ee2&apos;
System info: host: &apos;IGOR&apos;, ip: &apos;192.168.0.106&apos;, os.name: &apos;Windows 10&apos;, os.arch: &apos;amd64&apos;, os.version: &apos;10.0&apos;, java.version: &apos;11.0.15.1&apos;
Driver info: org.openqa.selenium.chrome.ChromeDriver
Command: [0ab8bc72d4fa9c0e700cab807a47dc7e, executeScript {script=window.sessionStorage.clear(), args=[]}]
Capabilities {acceptInsecureCerts: false, browserName: chrome, browserVersion: 104.0.5112.82, chrome: {chromedriverVersion: 104.0.5112.79 (3cf3e8c8a07d..., userDataDir: C:\Users\GYROCO~1\AppData\L...}, goog:chromeOptions: {debuggerAddress: localhost:62082}, javascriptEnabled: true, networkConnectionEnabled: false, pageLoadStrategy: normal, platform: WINDOWS, platformName: WINDOWS, proxy: Proxy(), se:cdp: ws://localhost:62082/devtoo..., se:cdpVersion: 104.0.5112.82, setWindowRect: true, strictFileInteractability: false, timeouts: {implicit: 0, pageLoad: 300000, script: 30000}, unhandledPromptBehavior: dismiss and notify, webauthn:extension:credBlob: true, webauthn:extension:largeBlob: true, webauthn:virtualAuthenticators: true}
Session ID: 0ab8bc72d4fa9c0e700cab807a47dc7e
	at org.openqa.selenium.remote.codec.w3c.W3CHttpResponseCodec.createException(W3CHttpResponseCodec.java:200)
	at org.openqa.selenium.remote.codec.w3c.W3CHttpResponseCodec.decode(W3CHttpResponseCodec.java:133)
	at org.openqa.selenium.remote.codec.w3c.W3CHttpResponseCodec.decode(W3CHttpResponseCodec.java:53)
	at org.openqa.selenium.remote.HttpCommandExecutor.execute(HttpCommandExecutor.java:184)
	at org.openqa.selenium.remote.service.DriverCommandExecutor.invokeExecute(DriverCommandExecutor.java:167)
	at org.openqa.selenium.remote.service.DriverCommandExecutor.execute(DriverCommandExecutor.java:142)
	at org.openqa.selenium.remote.RemoteWebDriver.execute(RemoteWebDriver.java:567)
	at org.openqa.selenium.remote.RemoteWebDriver.executeScript(RemoteWebDriver.java:501)
	at pages.base.BasePage.clearCookiesAndLocalStorageAndClose(BasePage.java:40)
	at tests.base.BaseTest.clearCookiesAndExit(BaseTest.java:80)
	at java.base/java.util.ArrayList.forEach(ArrayList.java:1541)
... Removed 40 stack frames</div></td></tr></table><p class="totop"><a href="#summary">back to summary</a></p>
<h3 id="m71">tests.sugarDaddies.SugarDaddiesTest#readFullReviewButtonTest</h3><table class="result"><tr><th>Exception</th></tr><tr><td><div class="stacktrace">org.openqa.selenium.WebDriverException: &lt;unknown&gt;: Failed to read the &apos;sessionStorage&apos; property from &apos;Window&apos;: Access is denied for this document.
  (Session info: chrome=104.0.5112.82)
Build info: version: &apos;4.1.4&apos;, revision: &apos;535d840ee2&apos;
System info: host: &apos;IGOR&apos;, ip: &apos;192.168.0.106&apos;, os.name: &apos;Windows 10&apos;, os.arch: &apos;amd64&apos;, os.version: &apos;10.0&apos;, java.version: &apos;11.0.15.1&apos;
Driver info: org.openqa.selenium.chrome.ChromeDriver
Command: [0ab8bc72d4fa9c0e700cab807a47dc7e, executeScript {script=window.sessionStorage.clear(), args=[]}]
Capabilities {acceptInsecureCerts: false, browserName: chrome, browserVersion: 104.0.5112.82, chrome: {chromedriverVersion: 104.0.5112.79 (3cf3e8c8a07d..., userDataDir: C:\Users\GYROCO~1\AppData\L...}, goog:chromeOptions: {debuggerAddress: localhost:62082}, javascriptEnabled: true, networkConnectionEnabled: false, pageLoadStrategy: normal, platform: WINDOWS, platformName: WINDOWS, proxy: Proxy(), se:cdp: ws://localhost:62082/devtoo..., se:cdpVersion: 104.0.5112.82, setWindowRect: true, strictFileInteractability: false, timeouts: {implicit: 0, pageLoad: 300000, script: 30000}, unhandledPromptBehavior: dismiss and notify, webauthn:extension:credBlob: true, webauthn:extension:largeBlob: true, webauthn:virtualAuthenticators: true}
Session ID: 0ab8bc72d4fa9c0e700cab807a47dc7e
	at org.openqa.selenium.remote.codec.w3c.W3CHttpResponseCodec.createException(W3CHttpResponseCodec.java:200)
	at org.openqa.selenium.remote.codec.w3c.W3CHttpResponseCodec.decode(W3CHttpResponseCodec.java:133)
	at org.openqa.selenium.remote.codec.w3c.W3CHttpResponseCodec.decode(W3CHttpResponseCodec.java:53)
	at org.openqa.selenium.remote.HttpCommandExecutor.execute(HttpCommandExecutor.java:184)
	at org.openqa.selenium.remote.service.DriverCommandExecutor.invokeExecute(DriverCommandExecutor.java:167)
	at org.openqa.selenium.remote.service.DriverCommandExecutor.execute(DriverCommandExecutor.java:142)
	at org.openqa.selenium.remote.RemoteWebDriver.execute(RemoteWebDriver.java:567)
	at org.openqa.selenium.remote.RemoteWebDriver.executeScript(RemoteWebDriver.java:501)
	at pages.base.BasePage.clearCookiesAndLocalStorageAndClose(BasePage.java:40)
	at tests.base.BaseTest.clearCookiesAndExit(BaseTest.java:80)
	at java.base/java.util.ArrayList.forEach(ArrayList.java:1541)
... Removed 40 stack frames</div></td></tr></table><p class="totop"><a href="#summary">back to summary</a></p>
<h3 id="m72">tests.sugarDaddies.SugarDaddiesTest#readReviewButtonTest</h3><table class="result"><tr><th>Exception</th></tr><tr><td><div class="stacktrace">org.openqa.selenium.WebDriverException: &lt;unknown&gt;: Failed to read the &apos;sessionStorage&apos; property from &apos;Window&apos;: Access is denied for this document.
  (Session info: chrome=104.0.5112.82)
Build info: version: &apos;4.1.4&apos;, revision: &apos;535d840ee2&apos;
System info: host: &apos;IGOR&apos;, ip: &apos;192.168.0.106&apos;, os.name: &apos;Windows 10&apos;, os.arch: &apos;amd64&apos;, os.version: &apos;10.0&apos;, java.version: &apos;11.0.15.1&apos;
Driver info: org.openqa.selenium.chrome.ChromeDriver
Command: [0ab8bc72d4fa9c0e700cab807a47dc7e, executeScript {script=window.sessionStorage.clear(), args=[]}]
Capabilities {acceptInsecureCerts: false, browserName: chrome, browserVersion: 104.0.5112.82, chrome: {chromedriverVersion: 104.0.5112.79 (3cf3e8c8a07d..., userDataDir: C:\Users\GYROCO~1\AppData\L...}, goog:chromeOptions: {debuggerAddress: localhost:62082}, javascriptEnabled: true, networkConnectionEnabled: false, pageLoadStrategy: normal, platform: WINDOWS, platformName: WINDOWS, proxy: Proxy(), se:cdp: ws://localhost:62082/devtoo..., se:cdpVersion: 104.0.5112.82, setWindowRect: true, strictFileInteractability: false, timeouts: {implicit: 0, pageLoad: 300000, script: 30000}, unhandledPromptBehavior: dismiss and notify, webauthn:extension:credBlob: true, webauthn:extension:largeBlob: true, webauthn:virtualAuthenticators: true}
Session ID: 0ab8bc72d4fa9c0e700cab807a47dc7e
	at org.openqa.selenium.remote.codec.w3c.W3CHttpResponseCodec.createException(W3CHttpResponseCodec.java:200)
	at org.openqa.selenium.remote.codec.w3c.W3CHttpResponseCodec.decode(W3CHttpResponseCodec.java:133)
	at org.openqa.selenium.remote.codec.w3c.W3CHttpResponseCodec.decode(W3CHttpResponseCodec.java:53)
	at org.openqa.selenium.remote.HttpCommandExecutor.execute(HttpCommandExecutor.java:184)
	at org.openqa.selenium.remote.service.DriverCommandExecutor.invokeExecute(DriverCommandExecutor.java:167)
	at org.openqa.selenium.remote.service.DriverCommandExecutor.execute(DriverCommandExecutor.java:142)
	at org.openqa.selenium.remote.RemoteWebDriver.execute(RemoteWebDriver.java:567)
	at org.openqa.selenium.remote.RemoteWebDriver.executeScript(RemoteWebDriver.java:501)
	at pages.base.BasePage.clearCookiesAndLocalStorageAndClose(BasePage.java:40)
	at tests.base.BaseTest.clearCookiesAndExit(BaseTest.java:80)
	at java.base/java.util.ArrayList.forEach(ArrayList.java:1541)
... Removed 40 stack frames</div></td></tr></table><p class="totop"><a href="#summary">back to summary</a></p>
<h3 id="m73">tests.sugarDaddies.SugarDaddiesTest#sendMessageRegButtonTest</h3><table class="result"><tr><th>Exception</th></tr><tr><td><div class="stacktrace">org.openqa.selenium.WebDriverException: &lt;unknown&gt;: Failed to read the &apos;sessionStorage&apos; property from &apos;Window&apos;: Access is denied for this document.
  (Session info: chrome=104.0.5112.82)
Build info: version: &apos;4.1.4&apos;, revision: &apos;535d840ee2&apos;
System info: host: &apos;IGOR&apos;, ip: &apos;192.168.0.106&apos;, os.name: &apos;Windows 10&apos;, os.arch: &apos;amd64&apos;, os.version: &apos;10.0&apos;, java.version: &apos;11.0.15.1&apos;
Driver info: org.openqa.selenium.chrome.ChromeDriver
Command: [0ab8bc72d4fa9c0e700cab807a47dc7e, executeScript {script=window.sessionStorage.clear(), args=[]}]
Capabilities {acceptInsecureCerts: false, browserName: chrome, browserVersion: 104.0.5112.82, chrome: {chromedriverVersion: 104.0.5112.79 (3cf3e8c8a07d..., userDataDir: C:\Users\GYROCO~1\AppData\L...}, goog:chromeOptions: {debuggerAddress: localhost:62082}, javascriptEnabled: true, networkConnectionEnabled: false, pageLoadStrategy: normal, platform: WINDOWS, platformName: WINDOWS, proxy: Proxy(), se:cdp: ws://localhost:62082/devtoo..., se:cdpVersion: 104.0.5112.82, setWindowRect: true, strictFileInteractability: false, timeouts: {implicit: 0, pageLoad: 300000, script: 30000}, unhandledPromptBehavior: dismiss and notify, webauthn:extension:credBlob: true, webauthn:extension:largeBlob: true, webauthn:virtualAuthenticators: true}
Session ID: 0ab8bc72d4fa9c0e700cab807a47dc7e
	at org.openqa.selenium.remote.codec.w3c.W3CHttpResponseCodec.createException(W3CHttpResponseCodec.java:200)
	at org.openqa.selenium.remote.codec.w3c.W3CHttpResponseCodec.decode(W3CHttpResponseCodec.java:133)
	at org.openqa.selenium.remote.codec.w3c.W3CHttpResponseCodec.decode(W3CHttpResponseCodec.java:53)
	at org.openqa.selenium.remote.HttpCommandExecutor.execute(HttpCommandExecutor.java:184)
	at org.openqa.selenium.remote.service.DriverCommandExecutor.invokeExecute(DriverCommandExecutor.java:167)
	at org.openqa.selenium.remote.service.DriverCommandExecutor.execute(DriverCommandExecutor.java:142)
	at org.openqa.selenium.remote.RemoteWebDriver.execute(RemoteWebDriver.java:567)
	at org.openqa.selenium.remote.RemoteWebDriver.executeScript(RemoteWebDriver.java:501)
	at pages.base.BasePage.clearCookiesAndLocalStorageAndClose(BasePage.java:40)
	at tests.base.BaseTest.clearCookiesAndExit(BaseTest.java:80)
	at java.base/java.util.ArrayList.forEach(ArrayList.java:1541)
... Removed 40 stack frames</div></td></tr></table><p class="totop"><a href="#summary">back to summary</a></p>
<h3 id="m74">tests.sugarDaddies.SugarDaddiesTest#startButtonTest</h3><table class="result"><tr><th>Exception</th></tr><tr><td><div class="stacktrace">org.openqa.selenium.WebDriverException: &lt;unknown&gt;: Failed to read the &apos;sessionStorage&apos; property from &apos;Window&apos;: Access is denied for this document.
  (Session info: chrome=104.0.5112.82)
Build info: version: &apos;4.1.4&apos;, revision: &apos;535d840ee2&apos;
System info: host: &apos;IGOR&apos;, ip: &apos;192.168.0.106&apos;, os.name: &apos;Windows 10&apos;, os.arch: &apos;amd64&apos;, os.version: &apos;10.0&apos;, java.version: &apos;11.0.15.1&apos;
Driver info: org.openqa.selenium.chrome.ChromeDriver
Command: [0ab8bc72d4fa9c0e700cab807a47dc7e, executeScript {script=window.sessionStorage.clear(), args=[]}]
Capabilities {acceptInsecureCerts: false, browserName: chrome, browserVersion: 104.0.5112.82, chrome: {chromedriverVersion: 104.0.5112.79 (3cf3e8c8a07d..., userDataDir: C:\Users\GYROCO~1\AppData\L...}, goog:chromeOptions: {debuggerAddress: localhost:62082}, javascriptEnabled: true, networkConnectionEnabled: false, pageLoadStrategy: normal, platform: WINDOWS, platformName: WINDOWS, proxy: Proxy(), se:cdp: ws://localhost:62082/devtoo..., se:cdpVersion: 104.0.5112.82, setWindowRect: true, strictFileInteractability: false, timeouts: {implicit: 0, pageLoad: 300000, script: 30000}, unhandledPromptBehavior: dismiss and notify, webauthn:extension:credBlob: true, webauthn:extension:largeBlob: true, webauthn:virtualAuthenticators: true}
Session ID: 0ab8bc72d4fa9c0e700cab807a47dc7e
	at org.openqa.selenium.remote.codec.w3c.W3CHttpResponseCodec.createException(W3CHttpResponseCodec.java:200)
	at org.openqa.selenium.remote.codec.w3c.W3CHttpResponseCodec.decode(W3CHttpResponseCodec.java:133)
	at org.openqa.selenium.remote.codec.w3c.W3CHttpResponseCodec.decode(W3CHttpResponseCodec.java:53)
	at org.openqa.selenium.remote.HttpCommandExecutor.execute(HttpCommandExecutor.java:184)
	at org.openqa.selenium.remote.service.DriverCommandExecutor.invokeExecute(DriverCommandExecutor.java:167)
	at org.openqa.selenium.remote.service.DriverCommandExecutor.execute(DriverCommandExecutor.java:142)
	at org.openqa.selenium.remote.RemoteWebDriver.execute(RemoteWebDriver.java:567)
	at org.openqa.selenium.remote.RemoteWebDriver.executeScript(RemoteWebDriver.java:501)
	at pages.base.BasePage.clearCookiesAndLocalStorageAndClose(BasePage.java:40)
	at tests.base.BaseTest.clearCookiesAndExit(BaseTest.java:80)
	at java.base/java.util.ArrayList.forEach(ArrayList.java:1541)
... Removed 40 stack frames</div></td></tr></table><p class="totop"><a href="#summary">back to summary</a></p>
<h3 id="m75">tests.sugarDaddies.SugarDaddiesTest#visitSiteRegButtonInTopSitesForSugarDatingTest</h3><table class="result"><tr><th>Exception</th></tr><tr><td><div class="stacktrace">org.openqa.selenium.WebDriverException: &lt;unknown&gt;: Failed to read the &apos;sessionStorage&apos; property from &apos;Window&apos;: Access is denied for this document.
  (Session info: chrome=104.0.5112.82)
Build info: version: &apos;4.1.4&apos;, revision: &apos;535d840ee2&apos;
System info: host: &apos;IGOR&apos;, ip: &apos;192.168.0.106&apos;, os.name: &apos;Windows 10&apos;, os.arch: &apos;amd64&apos;, os.version: &apos;10.0&apos;, java.version: &apos;11.0.15.1&apos;
Driver info: org.openqa.selenium.chrome.ChromeDriver
Command: [0ab8bc72d4fa9c0e700cab807a47dc7e, executeScript {script=window.sessionStorage.clear(), args=[]}]
Capabilities {acceptInsecureCerts: false, browserName: chrome, browserVersion: 104.0.5112.82, chrome: {chromedriverVersion: 104.0.5112.79 (3cf3e8c8a07d..., userDataDir: C:\Users\GYROCO~1\AppData\L...}, goog:chromeOptions: {debuggerAddress: localhost:62082}, javascriptEnabled: true, networkConnectionEnabled: false, pageLoadStrategy: normal, platform: WINDOWS, platformName: WINDOWS, proxy: Proxy(), se:cdp: ws://localhost:62082/devtoo..., se:cdpVersion: 104.0.5112.82, setWindowRect: true, strictFileInteractability: false, timeouts: {implicit: 0, pageLoad: 300000, script: 30000}, unhandledPromptBehavior: dismiss and notify, webauthn:extension:credBlob: true, webauthn:extension:largeBlob: true, webauthn:virtualAuthenticators: true}
Session ID: 0ab8bc72d4fa9c0e700cab807a47dc7e
	at org.openqa.selenium.remote.codec.w3c.W3CHttpResponseCodec.createException(W3CHttpResponseCodec.java:200)
	at org.openqa.selenium.remote.codec.w3c.W3CHttpResponseCodec.decode(W3CHttpResponseCodec.java:133)
	at org.openqa.selenium.remote.codec.w3c.W3CHttpResponseCodec.decode(W3CHttpResponseCodec.java:53)
	at org.openqa.selenium.remote.HttpCommandExecutor.execute(HttpCommandExecutor.java:184)
	at org.openqa.selenium.remote.service.DriverCommandExecutor.invokeExecute(DriverCommandExecutor.java:167)
	at org.openqa.selenium.remote.service.DriverCommandExecutor.execute(DriverCommandExecutor.java:142)
	at org.openqa.selenium.remote.RemoteWebDriver.execute(RemoteWebDriver.java:567)
	at org.openqa.selenium.remote.RemoteWebDriver.executeScript(RemoteWebDriver.java:501)
	at pages.base.BasePage.clearCookiesAndLocalStorageAndClose(BasePage.java:40)
	at tests.base.BaseTest.clearCookiesAndExit(BaseTest.java:80)
	at java.base/java.util.ArrayList.forEach(ArrayList.java:1541)
... Removed 40 stack frames</div></td></tr></table><p class="totop"><a href="#summary">back to summary</a></p>
<h3 id="m76">tests.sugarDaddies.SugarDaddiesTest#visitSiteRegButtonTest</h3><table class="result"><tr><th>Exception</th></tr><tr><td><div class="stacktrace">org.openqa.selenium.WebDriverException: &lt;unknown&gt;: Failed to read the &apos;sessionStorage&apos; property from &apos;Window&apos;: Access is denied for this document.
  (Session info: chrome=104.0.5112.82)
Build info: version: &apos;4.1.4&apos;, revision: &apos;535d840ee2&apos;
System info: host: &apos;IGOR&apos;, ip: &apos;192.168.0.106&apos;, os.name: &apos;Windows 10&apos;, os.arch: &apos;amd64&apos;, os.version: &apos;10.0&apos;, java.version: &apos;11.0.15.1&apos;
Driver info: org.openqa.selenium.chrome.ChromeDriver
Command: [0ab8bc72d4fa9c0e700cab807a47dc7e, executeScript {script=window.sessionStorage.clear(), args=[]}]
Capabilities {acceptInsecureCerts: false, browserName: chrome, browserVersion: 104.0.5112.82, chrome: {chromedriverVersion: 104.0.5112.79 (3cf3e8c8a07d..., userDataDir: C:\Users\GYROCO~1\AppData\L...}, goog:chromeOptions: {debuggerAddress: localhost:62082}, javascriptEnabled: true, networkConnectionEnabled: false, pageLoadStrategy: normal, platform: WINDOWS, platformName: WINDOWS, proxy: Proxy(), se:cdp: ws://localhost:62082/devtoo..., se:cdpVersion: 104.0.5112.82, setWindowRect: true, strictFileInteractability: false, timeouts: {implicit: 0, pageLoad: 300000, script: 30000}, unhandledPromptBehavior: dismiss and notify, webauthn:extension:credBlob: true, webauthn:extension:largeBlob: true, webauthn:virtualAuthenticators: true}
Session ID: 0ab8bc72d4fa9c0e700cab807a47dc7e
	at org.openqa.selenium.remote.codec.w3c.W3CHttpResponseCodec.createException(W3CHttpResponseCodec.java:200)
	at org.openqa.selenium.remote.codec.w3c.W3CHttpResponseCodec.decode(W3CHttpResponseCodec.java:133)
	at org.openqa.selenium.remote.codec.w3c.W3CHttpResponseCodec.decode(W3CHttpResponseCodec.java:53)
	at org.openqa.selenium.remote.HttpCommandExecutor.execute(HttpCommandExecutor.java:184)
	at org.openqa.selenium.remote.service.DriverCommandExecutor.invokeExecute(DriverCommandExecutor.java:167)
	at org.openqa.selenium.remote.service.DriverCommandExecutor.execute(DriverCommandExecutor.java:142)
	at org.openqa.selenium.remote.RemoteWebDriver.execute(RemoteWebDriver.java:567)
	at org.openqa.selenium.remote.RemoteWebDriver.executeScript(RemoteWebDriver.java:501)
	at pages.base.BasePage.clearCookiesAndLocalStorageAndClose(BasePage.java:40)
	at tests.base.BaseTest.clearCookiesAndExit(BaseTest.java:80)
	at java.base/java.util.ArrayList.forEach(ArrayList.java:1541)
... Removed 40 stack frames</div></td></tr></table><p class="totop"><a href="#summary">back to summary</a></p>
<h3 id="m77">tests.blog.BlogTest#authorButtonTest</h3><table class="result"><tr><th class="invisible"/></tr></table><p class="totop"><a href="#summary">back to summary</a></p>
<h3 id="m78">tests.blog.BlogTest#footerButtonsTest</h3><table class="result"><tr><th class="invisible"/></tr></table><p class="totop"><a href="#summary">back to summary</a></p>
<h3 id="m79">tests.blog.BlogTest#headerButtonsTest</h3><table class="result"><tr><th class="invisible"/></tr></table><p class="totop"><a href="#summary">back to summary</a></p>
<h3 id="m80">tests.blog.BlogTest#mainLogoLinkTest</h3><table class="result"><tr><th class="invisible"/></tr></table><p class="totop"><a href="#summary">back to summary</a></p>
<h3 id="m81">tests.blog.BlogTest#nextSliderButtonTest</h3><table class="result"><tr><th class="invisible"/></tr></table><p class="totop"><a href="#summary">back to summary</a></p>
<h3 id="m82">tests.blog.BlogTest#successfulCommentFormTest</h3><table class="result"><tr><th class="invisible"/></tr></table><p class="totop"><a href="#summary">back to summary</a></p>
<h3 id="m83">tests.blog.BlogTest#topPostBlogButtonTest</h3><table class="result"><tr><th class="invisible"/></tr></table><p class="totop"><a href="#summary">back to summary</a></p>
<h3 id="m84">tests.blog.BlogTest#topPostButtonTest</h3><table class="result"><tr><th class="invisible"/></tr></table><p class="totop"><a href="#summary">back to summary</a></p>
<h3 id="m85">tests.blog.BlogTest#unsuccessfulCommentFormTest</h3><table class="result"><tr><th class="invisible"/></tr></table><p class="totop"><a href="#summary">back to summary</a></p>
<h3 id="m86">tests.blogCategory.BlogCategoryTest#blogPostTest</h3><table class="result"><tr><th class="invisible"/></tr></table><p class="totop"><a href="#summary">back to summary</a></p>
<h3 id="m87">tests.blogCategory.BlogCategoryTest#footerButtonsTest</h3><table class="result"><tr><th class="invisible"/></tr></table><p class="totop"><a href="#summary">back to summary</a></p>
<h3 id="m88">tests.blogCategory.BlogCategoryTest#headerButtonsTest</h3><table class="result"><tr><th class="invisible"/></tr></table><p class="totop"><a href="#summary">back to summary</a></p>
<h3 id="m89">tests.blogCategory.BlogCategoryTest#mainLogoLinkTest</h3><table class="result"><tr><th class="invisible"/></tr></table><p class="totop"><a href="#summary">back to summary</a></p>
<h3 id="m90">tests.blogCategory.BlogCategoryTest#topPostBlogButtonTest</h3><table class="result"><tr><th class="invisible"/></tr></table><p class="totop"><a href="#summary">back to summary</a></p>
<h3 id="m91">tests.blogCategory.BlogCategoryTest#topPostButtonTest</h3><table class="result"><tr><th class="invisible"/></tr></table><p class="totop"><a href="#summary">back to summary</a></p>
<h3 id="m92">tests.contactUs.ContactUsTest#footerButtonsTest</h3><table class="result"><tr><th class="invisible"/></tr></table><p class="totop"><a href="#summary">back to summary</a></p>
<h3 id="m93">tests.contactUs.ContactUsTest#headerButtonsTest</h3><table class="result"><tr><th class="invisible"/></tr></table><p class="totop"><a href="#summary">back to summary</a></p>
<h3 id="m94">tests.contactUs.ContactUsTest#mainLogoLinkTest</h3><table class="result"><tr><th class="invisible"/></tr></table><p class="totop"><a href="#summary">back to summary</a></p>
<h3 id="m95">tests.escort.EscortTest#cityButtonTest</h3><table class="result"><tr><th class="invisible"/></tr></table><p class="totop"><a href="#summary">back to summary</a></p>
<h3 id="m96">tests.escort.EscortTest#footerButtonsTest</h3><table class="result"><tr><th class="invisible"/></tr></table><p class="totop"><a href="#summary">back to summary</a></p>
<h3 id="m97">tests.escort.EscortTest#headerButtonsTest</h3><table class="result"><tr><th class="invisible"/></tr></table><p class="totop"><a href="#summary">back to summary</a></p>
<h3 id="m98">tests.escort.EscortTest#inputCitySearchTest</h3><table class="result"><tr><th class="invisible"/></tr></table><p class="totop"><a href="#summary">back to summary</a></p>
<h3 id="m99">tests.escort.EscortTest#mainLogoLinkTest</h3><table class="result"><tr><th class="invisible"/></tr></table><p class="totop"><a href="#summary">back to summary</a></p>
<h3 id="m100">tests.localHookup.LocalHookupTest#articlesButtonTest</h3><table class="result"><tr><th class="invisible"/></tr></table><p class="totop"><a href="#summary">back to summary</a></p>
<h3 id="m101">tests.localHookup.LocalHookupTest#authorButtonTest</h3><table class="result"><tr><th class="invisible"/></tr></table><p class="totop"><a href="#summary">back to summary</a></p>
<h3 id="m102">tests.localHookup.LocalHookupTest#blogSliderTest</h3><table class="result"><tr><th class="invisible"/></tr></table><p class="totop"><a href="#summary">back to summary</a></p>
<h3 id="m103">tests.localHookup.LocalHookupTest#faqCollapseButtonTest</h3><table class="result"><tr><th class="invisible"/></tr></table><p class="totop"><a href="#summary">back to summary</a></p>
<h3 id="m104">tests.localHookup.LocalHookupTest#footerButtonsTest</h3><table class="result"><tr><th class="invisible"/></tr></table><p class="totop"><a href="#summary">back to summary</a></p>
<h3 id="m105">tests.localHookup.LocalHookupTest#headerButtonsTest</h3><table class="result"><tr><th class="invisible"/></tr></table><p class="totop"><a href="#summary">back to summary</a></p>
<h3 id="m106">tests.localHookup.LocalHookupTest#latestNewsButtonTest</h3><table class="result"><tr><th class="invisible"/></tr></table><p class="totop"><a href="#summary">back to summary</a></p>
<h3 id="m107">tests.main.MainTest#blogSliderTest</h3><table class="result"><tr><th class="invisible"/></tr></table><p class="totop"><a href="#summary">back to summary</a></p>
<h3 id="m108">tests.main.MainTest#changeLanguageButtonTest</h3><table class="result"><tr><th class="invisible"/></tr></table><p class="totop"><a href="#summary">back to summary</a></p>
<h3 id="m109">tests.main.MainTest#faqButtonTest</h3><table class="result"><tr><th class="invisible"/></tr></table><p class="totop"><a href="#summary">back to summary</a></p>
<h3 id="m110">tests.main.MainTest#footerButtonsTest</h3><table class="result"><tr><th class="invisible"/></tr></table><p class="totop"><a href="#summary">back to summary</a></p>
<h3 id="m111">tests.main.MainTest#headerButtonsTest</h3><table class="result"><tr><th class="invisible"/></tr></table><p class="totop"><a href="#summary">back to summary</a></p>
<h3 id="m112">tests.review.ReviewTest#footerButtonsTest</h3><table class="result"><tr><th class="invisible"/></tr></table><p class="totop"><a href="#summary">back to summary</a></p>
<h3 id="m113">tests.review.ReviewTest#headerButtonsTest</h3><table class="result"><tr><th class="invisible"/></tr></table><p class="totop"><a href="#summary">back to summary</a></p>
<h3 id="m114">tests.review.ReviewTest#latestReviewsButtonTest</h3><table class="result"><tr><th class="invisible"/></tr></table><p class="totop"><a href="#summary">back to summary</a></p>
<h3 id="m115">tests.review.ReviewTest#mainLogoLinkTest</h3><table class="result"><tr><th class="invisible"/></tr></table><p class="totop"><a href="#summary">back to summary</a></p>
<h3 id="m116">tests.review.ReviewTest#nextSliderButtonTest</h3><table class="result"><tr><th class="invisible"/></tr></table><p class="totop"><a href="#summary">back to summary</a></p>
<h3 id="m117">tests.review.ReviewTest#startButtonTest</h3><table class="result"><tr><th class="invisible"/></tr></table><p class="totop"><a href="#summary">back to summary</a></p>
<h3 id="m118">tests.review.ReviewTest#successfulCommentFormTest</h3><table class="result"><tr><th class="invisible"/></tr></table><p class="totop"><a href="#summary">back to summary</a></p>
<h3 id="m119">tests.review.ReviewTest#typesOfRelationshipsButtonTest</h3><table class="result"><tr><th class="invisible"/></tr></table><p class="totop"><a href="#summary">back to summary</a></p>
<h3 id="m120">tests.review.ReviewTest#unsuccessfulCommentFormTest</h3><table class="result"><tr><th class="invisible"/></tr></table><p class="totop"><a href="#summary">back to summary</a></p>
<h3 id="m121">tests.reviewCategory.ReviewCategoryTest#changeLanguageButtonTest</h3><table class="result"><tr><th class="invisible"/></tr></table><p class="totop"><a href="#summary">back to summary</a></p>
<h3 id="m122">tests.reviewCategory.ReviewCategoryTest#footerButtonsTest</h3><table class="result"><tr><th class="invisible"/></tr></table><p class="totop"><a href="#summary">back to summary</a></p>
<h3 id="m123">tests.reviewCategory.ReviewCategoryTest#headerButtonsTest</h3><table class="result"><tr><th class="invisible"/></tr></table><p class="totop"><a href="#summary">back to summary</a></p>
<h3 id="m124">tests.reviewCategory.ReviewCategoryTest#mainLogoLinkTest</h3><table class="result"><tr><th class="invisible"/></tr></table><p class="totop"><a href="#summary">back to summary</a></p>
<h3 id="m125">tests.reviewCategory.ReviewCategoryTest#paginationButtonTest</h3><table class="result"><tr><th class="invisible"/></tr></table><p class="totop"><a href="#summary">back to summary</a></p>
<h3 id="m126">tests.reviewCategory.ReviewCategoryTest#readReviewButtonTest</h3><table class="result"><tr><th class="invisible"/></tr></table><p class="totop"><a href="#summary">back to summary</a></p>
</body>
</html>
